#
# There is insufficient memory for the Java Runtime Environment to continue.
# Native memory allocation (mmap) failed to map 5242880 bytes for G1 virtual space
# Possible reasons:
#   The system is out of physical RAM or swap space
#   The process is running with CompressedOops enabled, and the Java Heap may be blocking the growth of the native heap
# Possible solutions:
#   Reduce memory load on the system
#   Increase physical memory or swap space
#   Check if swap backing store is full
#   Decrease Java heap size (-Xmx/-Xms)
#   Decrease number of Java threads
#   Decrease Java thread stack sizes (-Xss)
#   Set larger code cache with -XX:ReservedCodeCacheSize=
#   JVM is running with Unscaled Compressed Oops mode in which the Java heap is
#     placed in the first 4GB address space. The Java Heap base address is the
#     maximum limit for the native heap growth. Please use -XX:HeapBaseMinAddress
#     to set the Java Heap base and to place the Java Heap above 4GB virtual address.
# This output file may be truncated or incomplete.
#
#  Out of Memory Error (os_windows.cpp:3550), pid=9472, tid=4900
#
# JRE version: Java(TM) SE Runtime Environment (17.0.7+8) (build 17.0.7+8-LTS-224)
# Java VM: Java HotSpot(TM) 64-Bit Server VM (17.0.7+8-LTS-224, mixed mode, emulated-client, sharing, tiered, compressed oops, compressed class ptrs, g1 gc, windows-amd64)
# No core dump will be written. Minidumps are not enabled by default on client versions of Windows
#

---------------  S U M M A R Y ------------

Command Line: -javaagent:C:\Users\HPPRO~1\AppData\Local\Temp\testAgentjars\intellij-coverage-agent-1.0.706.jar=C:\Users\HPPRO~1\AppData\Local\Temp\coverageargs -Didea.new.sampling.coverage=true -Dcoverage.ignore.private.constructor.util.class=true -XX:TieredStopAtLevel=1 -Dspring.output.ansi.enabled=always -Dcom.sun.management.jmxremote -Dspring.jmx.enabled=true -Dspring.liveBeansView.mbeanDomain -Dspring.application.admin.enabled=true -Dmanagement.endpoints.jmx.exposure.include=* -javaagent:C:\Program Files\JetBrains\IntelliJ IDEA 2023.1.2\lib\idea_rt.jar=65422:C:\Program Files\JetBrains\IntelliJ IDEA 2023.1.2\bin -Dfile.encoding=UTF-8 com.example.demo.DemoApplication

Host: Intel(R) Core(TM) i5-4300M CPU @ 2.60GHz, 4 cores, 3G,  Windows 10 , 64 bit Build 19041 (10.0.19041.3031)
Time: Fri Jun 16 16:56:34 2023 South Africa Standard Time elapsed time: 19.959001 seconds (0d 0h 0m 19s)

---------------  T H R E A D  ---------------

Current thread (0x0000020c7f982620):  VMThread "VM Thread" [stack: 0x000000bc76000000,0x000000bc76100000] [id=4900]

Stack: [0x000000bc76000000,0x000000bc76100000]
Native frames: (J=compiled Java code, j=interpreted, Vv=VM code, C=native code)
V  [jvm.dll+0x676a4a]
V  [jvm.dll+0x7d74f4]
V  [jvm.dll+0x7d8c9e]
V  [jvm.dll+0x7d9303]
V  [jvm.dll+0x2452c5]
V  [jvm.dll+0x6738f9]
V  [jvm.dll+0x668232]
V  [jvm.dll+0x302826]
V  [jvm.dll+0x309da6]
V  [jvm.dll+0x35952e]
V  [jvm.dll+0x35975f]
V  [jvm.dll+0x2d9a38]
V  [jvm.dll+0x2dcad6]
V  [jvm.dll+0x2e72d8]
V  [jvm.dll+0x31ad30]
V  [jvm.dll+0x7ddb0b]
V  [jvm.dll+0x7de844]
V  [jvm.dll+0x7ded5d]
V  [jvm.dll+0x7df134]
V  [jvm.dll+0x7df200]
V  [jvm.dll+0x78759a]
V  [jvm.dll+0x675875]
C  [ucrtbase.dll+0x21bb2]
C  [KERNEL32.DLL+0x17614]
C  [ntdll.dll+0x526f1]

VM_Operation (0x000000bc75cff520): G1Concurrent, mode: safepoint, requested by thread 0x0000020c7f9108e0


---------------  P R O C E S S  ---------------

Threads class SMR info:
_java_thread_list=0x0000020c168012c0, length=18, elements={
0x0000020c7f8c9860, 0x0000020c7f989190, 0x0000020c7f98a6b0, 0x0000020c7f998140,
0x0000020c7f998ec0, 0x0000020c7f99c7a0, 0x0000020c7f99d060, 0x0000020c7f99d9d0,
0x0000020c7f99ea70, 0x0000020c0fc6d030, 0x0000020c10bb9860, 0x0000020c10bbccb0,
0x0000020c10bfe940, 0x0000020c1215d800, 0x0000020c1215f010, 0x0000020c1215f4e0,
0x0000020c1215f9b0, 0x0000020c141443f0
}

Java Threads: ( => current thread )
  0x0000020c7f8c9860 JavaThread "main" [_thread_blocked, id=12016, stack(0x000000bc75a00000,0x000000bc75b00000)]
  0x0000020c7f989190 JavaThread "Reference Handler" daemon [_thread_blocked, id=10088, stack(0x000000bc76100000,0x000000bc76200000)]
  0x0000020c7f98a6b0 JavaThread "Finalizer" daemon [_thread_blocked, id=7812, stack(0x000000bc76200000,0x000000bc76300000)]
  0x0000020c7f998140 JavaThread "Signal Dispatcher" daemon [_thread_blocked, id=12532, stack(0x000000bc76300000,0x000000bc76400000)]
  0x0000020c7f998ec0 JavaThread "Attach Listener" daemon [_thread_blocked, id=8264, stack(0x000000bc76400000,0x000000bc76500000)]
  0x0000020c7f99c7a0 JavaThread "Service Thread" daemon [_thread_blocked, id=1360, stack(0x000000bc76500000,0x000000bc76600000)]
  0x0000020c7f99d060 JavaThread "Monitor Deflation Thread" daemon [_thread_blocked, id=10760, stack(0x000000bc76600000,0x000000bc76700000)]
  0x0000020c7f99d9d0 JavaThread "C1 CompilerThread0" daemon [_thread_blocked, id=8612, stack(0x000000bc76700000,0x000000bc76800000)]
  0x0000020c7f99ea70 JavaThread "Sweeper thread" daemon [_thread_blocked, id=18380, stack(0x000000bc76800000,0x000000bc76900000)]
  0x0000020c0fc6d030 JavaThread "Common-Cleaner" daemon [_thread_blocked, id=9084, stack(0x000000bc76900000,0x000000bc76a00000)]
  0x0000020c10bb9860 JavaThread "Monitor Ctrl-Break" daemon [_thread_in_native, id=1540, stack(0x000000bc76b00000,0x000000bc76c00000)]
  0x0000020c10bbccb0 JavaThread "Notification Thread" daemon [_thread_blocked, id=10600, stack(0x000000bc76c00000,0x000000bc76d00000)]
  0x0000020c10bfe940 JavaThread "RMI TCP Accept-0" daemon [_thread_in_native, id=9560, stack(0x000000bc77200000,0x000000bc77300000)]
  0x0000020c1215d800 JavaThread "Catalina-utility-1" [_thread_blocked, id=3892, stack(0x000000bc77400000,0x000000bc77500000)]
  0x0000020c1215f010 JavaThread "Catalina-utility-2" [_thread_blocked, id=9608, stack(0x000000bc77500000,0x000000bc77600000)]
  0x0000020c1215f4e0 JavaThread "container-0" [_thread_blocked, id=11360, stack(0x000000bc77600000,0x000000bc77700000)]
  0x0000020c1215f9b0 JavaThread "mysql-cj-abandoned-connection-cleanup" daemon [_thread_blocked, id=11432, stack(0x000000bc77700000,0x000000bc77800000)]
  0x0000020c141443f0 JavaThread "HikariPool-1 housekeeper" daemon [_thread_blocked, id=17952, stack(0x000000bc77800000,0x000000bc77900000)]

Other Threads:
=>0x0000020c7f982620 VMThread "VM Thread" [stack: 0x000000bc76000000,0x000000bc76100000] [id=4900]
  0x0000020c7f8ca620 WatcherThread [stack: 0x000000bc77300000,0x000000bc77400000] [id=14792]
  0x0000020c7f908090 GCTaskThread "GC Thread#0" [stack: 0x000000bc75b00000,0x000000bc75c00000] [id=11736]
  0x0000020c10bfd680 GCTaskThread "GC Thread#1" [stack: 0x000000bc76d00000,0x000000bc76e00000] [id=8900]
  0x0000020c1101e0a0 GCTaskThread "GC Thread#2" [stack: 0x000000bc76e00000,0x000000bc76f00000] [id=17304]
  0x0000020c1101e350 GCTaskThread "GC Thread#3" [stack: 0x000000bc76f00000,0x000000bc77000000] [id=13684]
  0x0000020c7f9108e0 ConcurrentGCThread "G1 Main Marker" [stack: 0x000000bc75c00000,0x000000bc75d00000] [id=8464]
  0x0000020c7f911200 ConcurrentGCThread "G1 Conc#0" [stack: 0x000000bc75d00000,0x000000bc75e00000] [id=16560]
  0x0000020c7f94f6a0 ConcurrentGCThread "G1 Refine#0" [stack: 0x000000bc75e00000,0x000000bc75f00000] [id=11368]
  0x0000020c11020320 ConcurrentGCThread "G1 Refine#1" [stack: 0x000000bc77000000,0x000000bc77100000] [id=12160]
  0x0000020c11020a80 ConcurrentGCThread "G1 Refine#2" [stack: 0x000000bc77100000,0x000000bc77200000] [id=6104]
  0x0000020c7f94ffd0 ConcurrentGCThread "G1 Service" [stack: 0x000000bc75f00000,0x000000bc76000000] [id=2028]

Threads with active compile tasks:

VM state: at safepoint (normal execution)

VM Mutex/Monitor currently owned by a thread:  ([mutex/lock_event])
[0x0000020c7f8c4be0] Threads_lock - owner thread: 0x0000020c7f982620
[0x0000020c7f8c4910] Heap_lock - owner thread: 0x0000020c7f9108e0

Heap address: 0x00000000c3000000, size: 976 MB, Compressed Oops mode: 32-bit

CDS archive(s) mapped at: [0x0000000800000000-0x0000000800bd0000-0x0000000800bd0000), size 12386304, SharedBaseAddress: 0x0000000800000000, ArchiveRelocationMode: 0.
Compressed class space mapped at: 0x0000000800c00000-0x0000000840c00000, reserved size: 1073741824
Narrow klass base: 0x0000000800000000, Narrow klass shift: 0, Narrow klass range: 0x100000000

GC Precious Log:
 CPUs: 4 total, 4 available
 Memory: 3897M
 Large Page Support: Disabled
 NUMA Support: Disabled
 Compressed Oops: Enabled (32-bit)
 Heap Region Size: 1M
 Heap Min Capacity: 8M
 Heap Initial Capacity: 62M
 Heap Max Capacity: 976M
 Pre-touch: Disabled
 Parallel Workers: 4
 Concurrent Workers: 1
 Concurrent Refinement Workers: 4
 Periodic GC: Disabled

Heap:
 garbage-first heap   total 111616K, used 67988K [0x00000000c3000000, 0x0000000100000000)
  region size 1024K, 12 young (12288K), 4 survivors (4096K)
 Metaspace       used 55068K, committed 55616K, reserved 1097728K
  class space    used 7230K, committed 7488K, reserved 1048576K

Heap Regions: E=young(eden), S=young(survivor), O=old, HS=humongous(starts), HC=humongous(continues), CS=collection set, F=free, OA=open archive, CA=closed archive, TAMS=top-at-mark-start (previous, next)
|   0|0x00000000c3000000, 0x00000000c3100000, 0x00000000c3100000|100%|HS|  |TAMS 0x00000000c3100000, 0x00000000c3000000| Complete 
|   1|0x00000000c3100000, 0x00000000c3200000, 0x00000000c3200000|100%| O|  |TAMS 0x00000000c3200000, 0x00000000c3100000| Untracked 
|   2|0x00000000c3200000, 0x00000000c3300000, 0x00000000c3300000|100%| O|  |TAMS 0x00000000c3300000, 0x00000000c3200000| Untracked 
|   3|0x00000000c3300000, 0x00000000c3400000, 0x00000000c3400000|100%| O|  |TAMS 0x00000000c3400000, 0x00000000c3300000| Untracked 
|   4|0x00000000c3400000, 0x00000000c3500000, 0x00000000c3500000|100%| O|  |TAMS 0x00000000c3500000, 0x00000000c3400000| Untracked 
|   5|0x00000000c3500000, 0x00000000c3600000, 0x00000000c3600000|100%| O|  |TAMS 0x00000000c3600000, 0x00000000c3500000| Updating 
|   6|0x00000000c3600000, 0x00000000c3700000, 0x00000000c3700000|100%| O|  |TAMS 0x00000000c3700000, 0x00000000c3600000| Updating 
|   7|0x00000000c3700000, 0x00000000c3800000, 0x00000000c3800000|100%| O|  |TAMS 0x00000000c3800000, 0x00000000c3700000| Untracked 
|   8|0x00000000c3800000, 0x00000000c3900000, 0x00000000c3900000|100%| O|  |TAMS 0x00000000c3900000, 0x00000000c3800000| Untracked 
|   9|0x00000000c3900000, 0x00000000c3a00000, 0x00000000c3a00000|100%| O|  |TAMS 0x00000000c3a00000, 0x00000000c3900000| Untracked 
|  10|0x00000000c3a00000, 0x00000000c3b00000, 0x00000000c3b00000|100%| O|  |TAMS 0x00000000c3b00000, 0x00000000c3a00000| Untracked 
|  11|0x00000000c3b00000, 0x00000000c3c00000, 0x00000000c3c00000|100%| O|  |TAMS 0x00000000c3c00000, 0x00000000c3b00000| Untracked 
|  12|0x00000000c3c00000, 0x00000000c3d00000, 0x00000000c3d00000|100%| O|  |TAMS 0x00000000c3d00000, 0x00000000c3c00000| Updating 
|  13|0x00000000c3d00000, 0x00000000c3e00000, 0x00000000c3e00000|100%| O|  |TAMS 0x00000000c3e00000, 0x00000000c3d00000| Untracked 
|  14|0x00000000c3e00000, 0x00000000c3f00000, 0x00000000c3f00000|100%| O|  |TAMS 0x00000000c3f00000, 0x00000000c3e00000| Untracked 
|  15|0x00000000c3f00000, 0x00000000c4000000, 0x00000000c4000000|100%| O|  |TAMS 0x00000000c4000000, 0x00000000c3f00000| Untracked 
|  16|0x00000000c4000000, 0x00000000c4100000, 0x00000000c4100000|100%| O|  |TAMS 0x00000000c4100000, 0x00000000c4000000| Untracked 
|  17|0x00000000c4100000, 0x00000000c4200000, 0x00000000c4200000|100%| O|  |TAMS 0x00000000c4200000, 0x00000000c4100000| Untracked 
|  18|0x00000000c4200000, 0x00000000c4300000, 0x00000000c4300000|100%| O|  |TAMS 0x00000000c4300000, 0x00000000c4200000| Untracked 
|  19|0x00000000c4300000, 0x00000000c4400000, 0x00000000c4400000|100%| O|  |TAMS 0x00000000c4400000, 0x00000000c4300000| Untracked 
|  20|0x00000000c4400000, 0x00000000c4500000, 0x00000000c4500000|100%| O|  |TAMS 0x00000000c4500000, 0x00000000c4400000| Updating 
|  21|0x00000000c4500000, 0x00000000c4600000, 0x00000000c4600000|100%| O|  |TAMS 0x00000000c4600000, 0x00000000c4500000| Updating 
|  22|0x00000000c4600000, 0x00000000c4700000, 0x00000000c4700000|100%| O|  |TAMS 0x00000000c4700000, 0x00000000c4600000| Untracked 
|  23|0x00000000c4700000, 0x00000000c4800000, 0x00000000c4800000|100%| O|  |TAMS 0x00000000c4800000, 0x00000000c4700000| Untracked 
|  24|0x00000000c4800000, 0x00000000c4900000, 0x00000000c4900000|100%| O|  |TAMS 0x00000000c4900000, 0x00000000c4800000| Untracked 
|  25|0x00000000c4900000, 0x00000000c4a00000, 0x00000000c4a00000|100%| O|  |TAMS 0x00000000c4a00000, 0x00000000c4900000| Untracked 
|  26|0x00000000c4a00000, 0x00000000c4b00000, 0x00000000c4b00000|100%| O|  |TAMS 0x00000000c4b00000, 0x00000000c4a00000| Untracked 
|  27|0x00000000c4b00000, 0x00000000c4c00000, 0x00000000c4c00000|100%| O|  |TAMS 0x00000000c4c00000, 0x00000000c4b00000| Untracked 
|  28|0x00000000c4c00000, 0x00000000c4d00000, 0x00000000c4d00000|100%| O|  |TAMS 0x00000000c4d00000, 0x00000000c4c00000| Untracked 
|  29|0x00000000c4d00000, 0x00000000c4e00000, 0x00000000c4e00000|100%| O|  |TAMS 0x00000000c4e00000, 0x00000000c4d00000| Untracked 
|  30|0x00000000c4e00000, 0x00000000c4f00000, 0x00000000c4f00000|100%| O|  |TAMS 0x00000000c4f00000, 0x00000000c4e00000| Untracked 
|  31|0x00000000c4f00000, 0x00000000c5000000, 0x00000000c5000000|100%| O|  |TAMS 0x00000000c5000000, 0x00000000c4f00000| Untracked 
|  32|0x00000000c5000000, 0x00000000c5100000, 0x00000000c5100000|100%| O|  |TAMS 0x00000000c5100000, 0x00000000c5000000| Updating 
|  33|0x00000000c5100000, 0x00000000c5200000, 0x00000000c5200000|100%| O|  |TAMS 0x00000000c5200000, 0x00000000c5100000| Updating 
|  34|0x00000000c5200000, 0x00000000c5300000, 0x00000000c5300000|100%| O|  |TAMS 0x00000000c5300000, 0x00000000c5200000| Untracked 
|  35|0x00000000c5300000, 0x00000000c5400000, 0x00000000c5400000|100%| O|  |TAMS 0x00000000c5400000, 0x00000000c5300000| Untracked 
|  36|0x00000000c5400000, 0x00000000c5500000, 0x00000000c5500000|100%| O|  |TAMS 0x00000000c5500000, 0x00000000c5400000| Untracked 
|  37|0x00000000c5500000, 0x00000000c5600000, 0x00000000c5600000|100%| O|  |TAMS 0x00000000c5600000, 0x00000000c5500000| Untracked 
|  38|0x00000000c5600000, 0x00000000c5700000, 0x00000000c5700000|100%| O|  |TAMS 0x00000000c5700000, 0x00000000c5600000| Untracked 
|  39|0x00000000c5700000, 0x00000000c5800000, 0x00000000c5800000|100%| O|  |TAMS 0x00000000c5800000, 0x00000000c5700000| Untracked 
|  40|0x00000000c5800000, 0x00000000c5900000, 0x00000000c5900000|100%| O|  |TAMS 0x00000000c5900000, 0x00000000c5800000| Untracked 
|  41|0x00000000c5900000, 0x00000000c5a00000, 0x00000000c5a00000|100%| O|  |TAMS 0x00000000c5a00000, 0x00000000c5900000| Untracked 
|  42|0x00000000c5a00000, 0x00000000c5b00000, 0x00000000c5b00000|100%| O|  |TAMS 0x00000000c5b00000, 0x00000000c5a00000| Untracked 
|  43|0x00000000c5b00000, 0x00000000c5c00000, 0x00000000c5c00000|100%| O|  |TAMS 0x00000000c5c00000, 0x00000000c5b00000| Untracked 
|  44|0x00000000c5c00000, 0x00000000c5d00000, 0x00000000c5d00000|100%| O|  |TAMS 0x00000000c5d00000, 0x00000000c5c00000| Untracked 
|  45|0x00000000c5d00000, 0x00000000c5e00000, 0x00000000c5e00000|100%| O|  |TAMS 0x00000000c5e00000, 0x00000000c5d00000| Untracked 
|  46|0x00000000c5e00000, 0x00000000c5f00000, 0x00000000c5f00000|100%| O|  |TAMS 0x00000000c5f00000, 0x00000000c5e00000| Untracked 
|  47|0x00000000c5f00000, 0x00000000c6000000, 0x00000000c6000000|100%| O|  |TAMS 0x00000000c6000000, 0x00000000c5f00000| Updating 
|  48|0x00000000c6000000, 0x00000000c6100000, 0x00000000c6100000|100%| O|  |TAMS 0x00000000c6100000, 0x00000000c6000000| Untracked 
|  49|0x00000000c6100000, 0x00000000c6200000, 0x00000000c6200000|100%| O|  |TAMS 0x00000000c6200000, 0x00000000c6100000| Untracked 
|  50|0x00000000c6200000, 0x00000000c6300000, 0x00000000c6300000|100%| O|  |TAMS 0x00000000c6300000, 0x00000000c6200000| Updating 
|  51|0x00000000c6300000, 0x00000000c6400000, 0x00000000c6400000|100%| O|  |TAMS 0x00000000c6400000, 0x00000000c6300000| Untracked 
|  52|0x00000000c6400000, 0x00000000c6500000, 0x00000000c6500000|100%| O|  |TAMS 0x00000000c6500000, 0x00000000c6400000| Untracked 
|  53|0x00000000c6500000, 0x00000000c6600000, 0x00000000c6600000|100%| O|  |TAMS 0x00000000c6600000, 0x00000000c6500000| Untracked 
|  54|0x00000000c6600000, 0x00000000c6700000, 0x00000000c6700000|100%| O|  |TAMS 0x00000000c6700000, 0x00000000c6600000| Untracked 
|  55|0x00000000c6700000, 0x00000000c6765000, 0x00000000c6800000| 39%| O|  |TAMS 0x00000000c6765000, 0x00000000c6700000| Updating 
|  56|0x00000000c6800000, 0x00000000c6800000, 0x00000000c6900000|  0%| F|  |TAMS 0x00000000c6800000, 0x00000000c6800000| Untracked 
|  57|0x00000000c6900000, 0x00000000c6900000, 0x00000000c6a00000|  0%| F|  |TAMS 0x00000000c6900000, 0x00000000c6900000| Untracked 
|  58|0x00000000c6a00000, 0x00000000c6a00000, 0x00000000c6b00000|  0%| F|  |TAMS 0x00000000c6a00000, 0x00000000c6a00000| Untracked 
|  59|0x00000000c6b00000, 0x00000000c6b00000, 0x00000000c6c00000|  0%| F|  |TAMS 0x00000000c6b00000, 0x00000000c6b00000| Untracked 
|  60|0x00000000c6c00000, 0x00000000c6c00000, 0x00000000c6d00000|  0%| F|  |TAMS 0x00000000c6c00000, 0x00000000c6c00000| Untracked 
|  61|0x00000000c6d00000, 0x00000000c6d00000, 0x00000000c6e00000|  0%| F|  |TAMS 0x00000000c6d00000, 0x00000000c6d00000| Untracked 
|  62|0x00000000c6e00000, 0x00000000c6e00000, 0x00000000c6f00000|  0%| F|  |TAMS 0x00000000c6e00000, 0x00000000c6e00000| Untracked 
|  63|0x00000000c6f00000, 0x00000000c6f00000, 0x00000000c7000000|  0%| F|  |TAMS 0x00000000c6f00000, 0x00000000c6f00000| Untracked 
|  64|0x00000000c7000000, 0x00000000c7000000, 0x00000000c7100000|  0%| F|  |TAMS 0x00000000c7000000, 0x00000000c7000000| Untracked 
|  65|0x00000000c7100000, 0x00000000c7100000, 0x00000000c7200000|  0%| F|  |TAMS 0x00000000c7100000, 0x00000000c7100000| Untracked 
|  66|0x00000000c7200000, 0x00000000c7200000, 0x00000000c7300000|  0%| F|  |TAMS 0x00000000c7200000, 0x00000000c7200000| Untracked 
|  67|0x00000000c7300000, 0x00000000c7300000, 0x00000000c7400000|  0%| F|  |TAMS 0x00000000c7300000, 0x00000000c7300000| Untracked 
|  68|0x00000000c7400000, 0x00000000c7400000, 0x00000000c7500000|  0%| F|  |TAMS 0x00000000c7400000, 0x00000000c7400000| Untracked 
|  69|0x00000000c7500000, 0x00000000c7600000, 0x00000000c7600000|100%| S|CS|TAMS 0x00000000c7500000, 0x00000000c7500000| Complete 
|  70|0x00000000c7600000, 0x00000000c7700000, 0x00000000c7700000|100%| S|CS|TAMS 0x00000000c7600000, 0x00000000c7600000| Complete 
|  71|0x00000000c7700000, 0x00000000c7800000, 0x00000000c7800000|100%| S|CS|TAMS 0x00000000c7700000, 0x00000000c7700000| Complete 
|  72|0x00000000c7800000, 0x00000000c7800000, 0x00000000c7900000|  0%| F|  |TAMS 0x00000000c7800000, 0x00000000c7800000| Untracked 
|  73|0x00000000c7900000, 0x00000000c7900000, 0x00000000c7a00000|  0%| F|  |TAMS 0x00000000c7900000, 0x00000000c7900000| Untracked 
|  74|0x00000000c7a00000, 0x00000000c7a00000, 0x00000000c7b00000|  0%| F|  |TAMS 0x00000000c7a00000, 0x00000000c7a00000| Untracked 
|  75|0x00000000c7b00000, 0x00000000c7c00000, 0x00000000c7c00000|100%| S|CS|TAMS 0x00000000c7b00000, 0x00000000c7b00000| Complete 
|  76|0x00000000c7c00000, 0x00000000c7c00000, 0x00000000c7d00000|  0%| F|  |TAMS 0x00000000c7c00000, 0x00000000c7c00000| Untracked 
|  77|0x00000000c7d00000, 0x00000000c7d00000, 0x00000000c7e00000|  0%| F|  |TAMS 0x00000000c7d00000, 0x00000000c7d00000| Untracked 
|  78|0x00000000c7e00000, 0x00000000c7e00000, 0x00000000c7f00000|  0%| F|  |TAMS 0x00000000c7e00000, 0x00000000c7e00000| Untracked 
|  79|0x00000000c7f00000, 0x00000000c7f00000, 0x00000000c8000000|  0%| F|  |TAMS 0x00000000c7f00000, 0x00000000c7f00000| Untracked 
|  80|0x00000000c8000000, 0x00000000c8000000, 0x00000000c8100000|  0%| F|  |TAMS 0x00000000c8000000, 0x00000000c8000000| Untracked 
|  81|0x00000000c8100000, 0x00000000c8100000, 0x00000000c8200000|  0%| F|  |TAMS 0x00000000c8100000, 0x00000000c8100000| Untracked 
|  82|0x00000000c8200000, 0x00000000c8200000, 0x00000000c8300000|  0%| F|  |TAMS 0x00000000c8200000, 0x00000000c8200000| Untracked 
|  83|0x00000000c8300000, 0x00000000c8300000, 0x00000000c8400000|  0%| F|  |TAMS 0x00000000c8300000, 0x00000000c8300000| Untracked 
|  84|0x00000000c8400000, 0x00000000c8400000, 0x00000000c8500000|  0%| F|  |TAMS 0x00000000c8400000, 0x00000000c8400000| Untracked 
|  85|0x00000000c8500000, 0x00000000c8500000, 0x00000000c8600000|  0%| F|  |TAMS 0x00000000c8500000, 0x00000000c8500000| Untracked 
|  86|0x00000000c8600000, 0x00000000c8600000, 0x00000000c8700000|  0%| F|  |TAMS 0x00000000c8600000, 0x00000000c8600000| Untracked 
|  87|0x00000000c8700000, 0x00000000c8700000, 0x00000000c8800000|  0%| F|  |TAMS 0x00000000c8700000, 0x00000000c8700000| Untracked 
|  88|0x00000000c8800000, 0x00000000c8800000, 0x00000000c8900000|  0%| F|  |TAMS 0x00000000c8800000, 0x00000000c8800000| Untracked 
|  89|0x00000000c8900000, 0x00000000c8900000, 0x00000000c8a00000|  0%| F|  |TAMS 0x00000000c8900000, 0x00000000c8900000| Untracked 
|  90|0x00000000c8a00000, 0x00000000c8a00000, 0x00000000c8b00000|  0%| F|  |TAMS 0x00000000c8a00000, 0x00000000c8a00000| Untracked 
|  91|0x00000000c8b00000, 0x00000000c8b00000, 0x00000000c8c00000|  0%| F|  |TAMS 0x00000000c8b00000, 0x00000000c8b00000| Untracked 
|  92|0x00000000c8c00000, 0x00000000c8c00000, 0x00000000c8d00000|  0%| F|  |TAMS 0x00000000c8c00000, 0x00000000c8c00000| Untracked 
|  93|0x00000000c8d00000, 0x00000000c8d00000, 0x00000000c8e00000|  0%| F|  |TAMS 0x00000000c8d00000, 0x00000000c8d00000| Untracked 
|  94|0x00000000c8e00000, 0x00000000c8e00000, 0x00000000c8f00000|  0%| F|  |TAMS 0x00000000c8e00000, 0x00000000c8e00000| Untracked 
|  95|0x00000000c8f00000, 0x00000000c8f00000, 0x00000000c9000000|  0%| F|  |TAMS 0x00000000c8f00000, 0x00000000c8f00000| Untracked 
|  96|0x00000000c9000000, 0x00000000c9000000, 0x00000000c9100000|  0%| F|  |TAMS 0x00000000c9000000, 0x00000000c9000000| Untracked 
|  97|0x00000000c9100000, 0x00000000c9100000, 0x00000000c9200000|  0%| F|  |TAMS 0x00000000c9100000, 0x00000000c9100000| Untracked 
|  98|0x00000000c9200000, 0x00000000c9200000, 0x00000000c9300000|  0%| F|  |TAMS 0x00000000c9200000, 0x00000000c9200000| Untracked 
|  99|0x00000000c9300000, 0x00000000c9300000, 0x00000000c9400000|  0%| F|  |TAMS 0x00000000c9300000, 0x00000000c9300000| Untracked 
| 100|0x00000000c9400000, 0x00000000c9400000, 0x00000000c9500000|  0%| F|  |TAMS 0x00000000c9400000, 0x00000000c9400000| Untracked 
| 101|0x00000000c9500000, 0x00000000c9599e00, 0x00000000c9600000| 60%| E|  |TAMS 0x00000000c9500000, 0x00000000c9500000| Complete 
| 102|0x00000000c9600000, 0x00000000c9700000, 0x00000000c9700000|100%| E|CS|TAMS 0x00000000c9600000, 0x00000000c9600000| Complete 
| 103|0x00000000c9700000, 0x00000000c9800000, 0x00000000c9800000|100%| E|CS|TAMS 0x00000000c9700000, 0x00000000c9700000| Complete 
| 104|0x00000000c9800000, 0x00000000c9900000, 0x00000000c9900000|100%| E|CS|TAMS 0x00000000c9800000, 0x00000000c9800000| Complete 
| 105|0x00000000c9900000, 0x00000000c9a00000, 0x00000000c9a00000|100%| E|CS|TAMS 0x00000000c9900000, 0x00000000c9900000| Complete 
| 106|0x00000000c9a00000, 0x00000000c9b00000, 0x00000000c9b00000|100%| E|CS|TAMS 0x00000000c9a00000, 0x00000000c9a00000| Complete 
| 107|0x00000000c9b00000, 0x00000000c9c00000, 0x00000000c9c00000|100%| E|CS|TAMS 0x00000000c9b00000, 0x00000000c9b00000| Complete 
| 108|0x00000000c9c00000, 0x00000000c9d00000, 0x00000000c9d00000|100%| E|CS|TAMS 0x00000000c9c00000, 0x00000000c9c00000| Complete 

Card table byte_map: [0x0000020c7f9a0000,0x0000020c7fb90000] _byte_map_base: 0x0000020c7f388000

Marking Bits (Prev, Next): (CMBitMap*) 0x0000020c7f9085b0, (CMBitMap*) 0x0000020c7f9085f0
 Prev Bits: [0x0000020c0bbc0000, 0x0000020c0cb00000)
 Next Bits: [0x0000020c0cb00000, 0x0000020c0da40000)

Polling page: 0x0000020c7ecd0000

Metaspace:

Usage:
  Non-class:     46.72 MB used.
      Class:      7.06 MB used.
       Both:     53.78 MB used.

Virtual space:
  Non-class space:       48.00 MB reserved,      47.00 MB ( 98%) committed,  6 nodes.
      Class space:        1.00 GB reserved,       7.31 MB ( <1%) committed,  1 nodes.
             Both:        1.05 GB reserved,      54.31 MB (  5%) committed. 

Chunk freelists:
   Non-Class:  816.00 KB
       Class:  544.00 KB
        Both:  1.33 MB

MaxMetaspaceSize: unlimited
CompressedClassSpaceSize: 1.00 GB
Initial GC threshold: 21.00 MB
Current GC threshold: 84.62 MB
CDS: on
MetaspaceReclaimPolicy: balanced
 - commit_granule_bytes: 65536.
 - commit_granule_words: 8192.
 - virtual_space_node_default_size: 1048576.
 - enlarge_chunks_in_place: 1.
 - new_chunks_are_fully_committed: 0.
 - uncommit_free_chunks: 1.
 - use_allocation_guard: 0.
 - handle_deallocations: 1.


Internal statistics:

num_allocs_failed_limit: 6.
num_arena_births: 634.
num_arena_deaths: 0.
num_vsnodes_births: 7.
num_vsnodes_deaths: 0.
num_space_committed: 869.
num_space_uncommitted: 0.
num_chunks_returned_to_freelist: 6.
num_chunks_taken_from_freelist: 2540.
num_chunk_merges: 6.
num_chunk_splits: 1918.
num_chunks_enlarged: 1557.
num_purges: 0.
num_inconsistent_stats: 0.

CodeCache: size=49152Kb used=8455Kb max_used=8455Kb free=40696Kb
 bounds [0x0000020c08bc0000, 0x0000020c09410000, 0x0000020c0bbc0000]
 total_blobs=5085 nmethods=4464 adapters=547
 compilation: enabled
              stopped_count=0, restarted_count=0
 full_count=0

Compilation events (20 events):
Event: 19.877 Thread 0x0000020c7f99d9d0 4463       1       java.util.AbstractList::equals (117 bytes)
Event: 19.878 Thread 0x0000020c7f99d9d0 nmethod 4463 0x0000020c093fd990 code [0x0000020c093fdbc0, 0x0000020c093fdfc8]
Event: 19.878 Thread 0x0000020c7f99d9d0 4464       1       org.springframework.core.ResolvableType::<init> (118 bytes)
Event: 19.879 Thread 0x0000020c7f99d9d0 nmethod 4464 0x0000020c093fe190 code [0x0000020c093fe340, 0x0000020c093fe688]
Event: 19.880 Thread 0x0000020c7f99d9d0 4465       1       org.springframework.core.MethodClassKey::equals (118 bytes)
Event: 19.880 Thread 0x0000020c7f99d9d0 nmethod 4465 0x0000020c093fe790 code [0x0000020c093fe960, 0x0000020c093fec18]
Event: 19.880 Thread 0x0000020c7f99d9d0 4466       1       org.springframework.aop.support.AopUtils::canApply (405 bytes)
Event: 19.881 Thread 0x0000020c7f99d9d0 nmethod 4466 0x0000020c093fed90 code [0x0000020c093ff100, 0x0000020c093ffec8]
Event: 19.881 Thread 0x0000020c7f99d9d0 4468       1       java.util.stream.ReduceOps$ReduceOp::evaluateSequential (18 bytes)
Event: 19.882 Thread 0x0000020c7f99d9d0 nmethod 4468 0x0000020c09400690 code [0x0000020c09400840, 0x0000020c094009e8]
Event: 19.882 Thread 0x0000020c7f99d9d0 4470       1       org.springframework.beans.GenericTypeAwarePropertyDescriptor::getReadMethod (19 bytes)
Event: 19.882 Thread 0x0000020c7f99d9d0 nmethod 4470 0x0000020c09400b10 code [0x0000020c09400ca0, 0x0000020c09400d78]
Event: 19.882 Thread 0x0000020c7f99d9d0 4471       1       jdk.internal.reflect.NativeMethodAccessorImpl::setParent (6 bytes)
Event: 19.882 Thread 0x0000020c7f99d9d0 nmethod 4471 0x0000020c09400e10 code [0x0000020c09400fa0, 0x0000020c094010b8]
Event: 19.882 Thread 0x0000020c7f99d9d0 4469       1       java.util.stream.ReduceOps$Box::<init> (5 bytes)
Event: 19.882 Thread 0x0000020c7f99d9d0 nmethod 4469 0x0000020c09401110 code [0x0000020c094012a0, 0x0000020c09401358]
Event: 19.882 Thread 0x0000020c7f99d9d0 4467       1       sun.reflect.generics.parser.SignatureParser::parseZeroOrMoreFormalTypeParameters (19 bytes)
Event: 19.882 Thread 0x0000020c7f99d9d0 nmethod 4467 0x0000020c09401410 code [0x0000020c094015c0, 0x0000020c09401798]
Event: 19.908 Thread 0x0000020c7f99d9d0 4472       1       java.lang.ClassLoader::getSystemClassLoader (96 bytes)
Event: 19.909 Thread 0x0000020c7f99d9d0 nmethod 4472 0x0000020c09401890 code [0x0000020c09401a60, 0x0000020c09401d48]

GC Heap History (20 events):
Event: 12.362 GC heap before
{Heap before GC invocations=18 (full 0):
 garbage-first heap   total 110592K, used 89916K [0x00000000c3000000, 0x0000000100000000)
  region size 1024K, 55 young (56320K), 5 survivors (5120K)
 Metaspace       used 35521K, committed 36032K, reserved 1081344K
  class space    used 4545K, committed 4800K, reserved 1048576K
}
Event: 12.379 GC heap after
{Heap after GC invocations=19 (full 0):
 garbage-first heap   total 110592K, used 40976K [0x00000000c3000000, 0x0000000100000000)
  region size 1024K, 4 young (4096K), 4 survivors (4096K)
 Metaspace       used 35521K, committed 36032K, reserved 1081344K
  class space    used 4545K, committed 4800K, reserved 1048576K
}
Event: 12.422 GC heap before
{Heap before GC invocations=19 (full 0):
 garbage-first heap   total 110592K, used 43024K [0x00000000c3000000, 0x0000000100000000)
  region size 1024K, 7 young (7168K), 4 survivors (4096K)
 Metaspace       used 35730K, committed 36160K, reserved 1081344K
  class space    used 4589K, committed 4800K, reserved 1048576K
}
Event: 12.435 GC heap after
{Heap after GC invocations=20 (full 0):
 garbage-first heap   total 110592K, used 41337K [0x00000000c3000000, 0x0000000100000000)
  region size 1024K, 3 young (3072K), 3 survivors (3072K)
 Metaspace       used 35730K, committed 36160K, reserved 1081344K
  class space    used 4589K, committed 4800K, reserved 1048576K
}
Event: 13.419 GC heap before
{Heap before GC invocations=21 (full 0):
 garbage-first heap   total 110592K, used 91513K [0x00000000c3000000, 0x0000000100000000)
  region size 1024K, 52 young (53248K), 3 survivors (3072K)
 Metaspace       used 38332K, committed 38720K, reserved 1089536K
  class space    used 4872K, committed 5056K, reserved 1048576K
}
Event: 13.430 GC heap after
{Heap after GC invocations=22 (full 0):
 garbage-first heap   total 110592K, used 44225K [0x00000000c3000000, 0x0000000100000000)
  region size 1024K, 6 young (6144K), 6 survivors (6144K)
 Metaspace       used 38332K, committed 38720K, reserved 1089536K
  class space    used 4872K, committed 5056K, reserved 1048576K
}
Event: 14.348 GC heap before
{Heap before GC invocations=22 (full 0):
 garbage-first heap   total 110592K, used 91329K [0x00000000c3000000, 0x0000000100000000)
  region size 1024K, 52 young (53248K), 6 survivors (6144K)
 Metaspace       used 41094K, committed 41472K, reserved 1089536K
  class space    used 5215K, committed 5376K, reserved 1048576K
}
Event: 14.360 GC heap after
{Heap after GC invocations=23 (full 0):
 garbage-first heap   total 110592K, used 47414K [0x00000000c3000000, 0x0000000100000000)
  region size 1024K, 7 young (7168K), 7 survivors (7168K)
 Metaspace       used 41094K, committed 41472K, reserved 1089536K
  class space    used 5215K, committed 5376K, reserved 1048576K
}
Event: 14.977 GC heap before
{Heap before GC invocations=23 (full 0):
 garbage-first heap   total 110592K, used 91446K [0x00000000c3000000, 0x0000000100000000)
  region size 1024K, 50 young (51200K), 7 survivors (7168K)
 Metaspace       used 43364K, committed 43776K, reserved 1089536K
  class space    used 5512K, committed 5696K, reserved 1048576K
}
Event: 14.992 GC heap after
{Heap after GC invocations=24 (full 0):
 garbage-first heap   total 110592K, used 49403K [0x00000000c3000000, 0x0000000100000000)
  region size 1024K, 5 young (5120K), 5 survivors (5120K)
 Metaspace       used 43364K, committed 43776K, reserved 1089536K
  class space    used 5512K, committed 5696K, reserved 1048576K
}
Event: 16.030 GC heap before
{Heap before GC invocations=24 (full 0):
 garbage-first heap   total 110592K, used 91387K [0x00000000c3000000, 0x0000000100000000)
  region size 1024K, 46 young (47104K), 5 survivors (5120K)
 Metaspace       used 45846K, committed 46336K, reserved 1089536K
  class space    used 5815K, committed 6080K, reserved 1048576K
}
Event: 16.047 GC heap after
{Heap after GC invocations=25 (full 0):
 garbage-first heap   total 110592K, used 51920K [0x00000000c3000000, 0x0000000100000000)
  region size 1024K, 5 young (5120K), 5 survivors (5120K)
 Metaspace       used 45846K, committed 46336K, reserved 1089536K
  class space    used 5815K, committed 6080K, reserved 1048576K
}
Event: 16.841 GC heap before
{Heap before GC invocations=25 (full 0):
 garbage-first heap   total 110592K, used 91856K [0x00000000c3000000, 0x0000000100000000)
  region size 1024K, 44 young (45056K), 5 survivors (5120K)
 Metaspace       used 48986K, committed 49472K, reserved 1097728K
  class space    used 6287K, committed 6528K, reserved 1048576K
}
Event: 16.851 GC heap after
{Heap after GC invocations=26 (full 0):
 garbage-first heap   total 110592K, used 54183K [0x00000000c3000000, 0x0000000100000000)
  region size 1024K, 5 young (5120K), 5 survivors (5120K)
 Metaspace       used 48986K, committed 49472K, reserved 1097728K
  class space    used 6287K, committed 6528K, reserved 1048576K
}
Event: 17.651 GC heap before
{Heap before GC invocations=26 (full 0):
 garbage-first heap   total 110592K, used 92071K [0x00000000c3000000, 0x0000000100000000)
  region size 1024K, 42 young (43008K), 5 survivors (5120K)
 Metaspace       used 51212K, committed 51648K, reserved 1097728K
  class space    used 6683K, committed 6912K, reserved 1048576K
}
Event: 17.660 GC heap after
{Heap after GC invocations=27 (full 0):
 garbage-first heap   total 110592K, used 56948K [0x00000000c3000000, 0x0000000100000000)
  region size 1024K, 6 young (6144K), 6 survivors (6144K)
 Metaspace       used 51212K, committed 51648K, reserved 1097728K
  class space    used 6683K, committed 6912K, reserved 1048576K
}
Event: 18.240 GC heap before
{Heap before GC invocations=28 (full 0):
 garbage-first heap   total 111616K, used 91764K [0x00000000c3000000, 0x0000000100000000)
  region size 1024K, 40 young (40960K), 6 survivors (6144K)
 Metaspace       used 52717K, committed 53184K, reserved 1097728K
  class space    used 6929K, committed 7168K, reserved 1048576K
}
Event: 18.248 GC heap after
{Heap after GC invocations=29 (full 0):
 garbage-first heap   total 111616K, used 59234K [0x00000000c3000000, 0x0000000100000000)
  region size 1024K, 3 young (3072K), 3 survivors (3072K)
 Metaspace       used 52717K, committed 53184K, reserved 1097728K
  class space    used 6929K, committed 7168K, reserved 1048576K
}
Event: 19.849 GC heap before
{Heap before GC invocations=29 (full 0):
 garbage-first heap   total 111616K, used 93026K [0x00000000c3000000, 0x0000000100000000)
  region size 1024K, 36 young (36864K), 3 survivors (3072K)
 Metaspace       used 54701K, committed 55232K, reserved 1097728K
  class space    used 7183K, committed 7424K, reserved 1048576K
}
Event: 19.855 GC heap after
{Heap after GC invocations=30 (full 0):
 garbage-first heap   total 111616K, used 60820K [0x00000000c3000000, 0x0000000100000000)
  region size 1024K, 4 young (4096K), 4 survivors (4096K)
 Metaspace       used 54701K, committed 55232K, reserved 1097728K
  class space    used 7183K, committed 7424K, reserved 1048576K
}

Deoptimization events (12 events):
Event: 2.930 Thread 0x0000020c7f8c9860 DEOPT PACKING pc=0x0000020c08f1cf44 sp=0x000000bc75afa7b0
Event: 2.930 Thread 0x0000020c7f8c9860 DEOPT UNPACKING pc=0x0000020c08c12b43 sp=0x000000bc75af9c48 mode 3
Event: 2.949 Thread 0x0000020c7f8c9860 DEOPT PACKING pc=0x0000020c08f21d19 sp=0x000000bc75afb560
Event: 2.949 Thread 0x0000020c7f8c9860 DEOPT UNPACKING pc=0x0000020c08c12b43 sp=0x000000bc75afaa40 mode 3
Event: 5.561 Thread 0x0000020c7f8c9860 DEOPT PACKING pc=0x0000020c09130e19 sp=0x000000bc75afd6a0
Event: 5.561 Thread 0x0000020c7f8c9860 DEOPT UNPACKING pc=0x0000020c08c12b43 sp=0x000000bc75afcb80 mode 3
Event: 6.147 Thread 0x0000020c7f8c9860 DEOPT PACKING pc=0x0000020c0908ca1d sp=0x000000bc75afe540
Event: 6.147 Thread 0x0000020c7f8c9860 DEOPT UNPACKING pc=0x0000020c08c12b43 sp=0x000000bc75afdaa8 mode 3
Event: 10.205 Thread 0x0000020c7f8c9860 DEOPT PACKING pc=0x0000020c09152681 sp=0x000000bc75afeb30
Event: 10.205 Thread 0x0000020c7f8c9860 DEOPT UNPACKING pc=0x0000020c08c12b43 sp=0x000000bc75afdfc0 mode 3
Event: 10.205 Thread 0x0000020c1215d800 DEOPT PACKING pc=0x0000020c09126c97 sp=0x000000bc774fed30
Event: 10.205 Thread 0x0000020c1215d800 DEOPT UNPACKING pc=0x0000020c08c12b43 sp=0x000000bc774fe188 mode 3

Classes unloaded (0 events):
No events

Classes redefined (0 events):
No events

Internal exceptions (20 events):
Event: 14.306 Thread 0x0000020c7f8c9860 Exception <a 'java/lang/NoSuchMethodError'{0x00000000c71a0900}: 'java.lang.Object java.lang.invoke.DirectMethodHandle$Holder.invokeStaticInit(java.lang.Object, java.lang.Object, java.lang.Object, java.lang.Object)'> (0x00000000c71a0900) 
thrown [s\open\src\hotspot\share\interpreter\linkResolver.cpp, line 759]
Event: 15.662 Thread 0x0000020c7f8c9860 Exception <a 'java/lang/IncompatibleClassChangeError'{0x00000000c80f5760}: Found class java.lang.Object, but interface was expected> (0x00000000c80f5760) 
thrown [s\open\src\hotspot\share\interpreter\linkResolver.cpp, line 826]
Event: 15.758 Thread 0x0000020c7f8c9860 Exception <a 'java/lang/NoSuchMethodError'{0x00000000c7b75670}: 'java.lang.Object java.lang.invoke.DirectMethodHandle$Holder.invokeStatic(java.lang.Object, java.lang.Object, int, java.lang.Object)'> (0x00000000c7b75670) 
thrown [s\open\src\hotspot\share\interpreter\linkResolver.cpp, line 759]
Event: 15.759 Thread 0x0000020c7f8c9860 Exception <a 'java/lang/NoSuchMethodError'{0x00000000c7b79108}: 'java.lang.Object java.lang.invoke.DirectMethodHandle$Holder.invokeStaticInit(java.lang.Object, java.lang.Object, int, java.lang.Object)'> (0x00000000c7b79108) 
thrown [s\open\src\hotspot\share\interpreter\linkResolver.cpp, line 759]
Event: 17.823 Thread 0x0000020c7f8c9860 Exception <a 'java/lang/NoSuchMethodError'{0x00000000c92669b8}: 'void java.lang.invoke.DirectMethodHandle$Holder.invokeInterface(java.lang.Object, java.lang.Object, int, java.lang.Object)'> (0x00000000c92669b8) 
thrown [s\open\src\hotspot\share\interpreter\linkResolver.cpp, line 759]
Event: 17.828 Thread 0x0000020c7f8c9860 Exception <a 'java/lang/NoSuchMethodError'{0x00000000c92f9f00}: 'java.lang.Object java.lang.invoke.DirectMethodHandle$Holder.newInvokeSpecial(java.lang.Object, java.lang.Object, int, java.lang.Object)'> (0x00000000c92f9f00) 
thrown [s\open\src\hotspot\share\interpreter\linkResolver.cpp, line 759]
Event: 17.829 Thread 0x0000020c7f8c9860 Exception <a 'java/lang/NoSuchMethodError'{0x00000000c92fdac8}: 'java.lang.Object java.lang.invoke.Invokers$Holder.linkToTargetMethod(java.lang.Object, int, java.lang.Object, java.lang.Object)'> (0x00000000c92fdac8) 
thrown [s\open\src\hotspot\share\interpreter\linkResolver.cpp, line 759]
Event: 17.970 Thread 0x0000020c7f8c9860 Exception <a 'java/lang/IncompatibleClassChangeError'{0x00000000c8e33398}: Found class java.lang.Object, but interface was expected> (0x00000000c8e33398) 
thrown [s\open\src\hotspot\share\interpreter\linkResolver.cpp, line 826]
Event: 18.133 Thread 0x0000020c7f8c9860 Exception <a 'java/lang/NoSuchMethodError'{0x00000000c831d580}: 'int java.lang.invoke.DirectMethodHandle$Holder.invokeStatic(java.lang.Object, int, java.lang.Object)'> (0x00000000c831d580) 
thrown [s\open\src\hotspot\share\interpreter\linkResolver.cpp, line 759]
Event: 18.136 Thread 0x0000020c7f8c9860 Exception <a 'java/lang/NoSuchMethodError'{0x00000000c8372770}: 'java.lang.Object java.lang.invoke.DirectMethodHandle$Holder.newInvokeSpecial(java.lang.Object, java.lang.Object, java.lang.Object, java.lang.Object, java.lang.Object, int)'> (0x00000000c8372770) 
thrown [s\open\src\hotspot\share\interpreter\linkResolver.cpp, line 759]
Event: 18.137 Thread 0x0000020c7f8c9860 Exception <a 'java/lang/NoSuchMethodError'{0x00000000c8376830}: 'java.lang.Object java.lang.invoke.Invokers$Holder.linkToTargetMethod(java.lang.Object, java.lang.Object, java.lang.Object, java.lang.Object, int, java.lang.Object)'> (0x00000000c8376830) 
thrown [s\open\src\hotspot\share\interpreter\linkResolver.cpp, line 759]
Event: 18.147 Thread 0x0000020c7f8c9860 Exception <a 'java/lang/NoSuchMethodError'{0x00000000c824ee90}: 'java.lang.Object java.lang.invoke.DirectMethodHandle$Holder.newInvokeSpecial(java.lang.Object, java.lang.Object, java.lang.Object, java.lang.Object, java.lang.Object, java.lang.Object, java.lang.Object, java.lang.Object, java.lang.Object, java.lang.Object, java.lang.Object)'> (0x00000000c824ee90) 
thrown [s\open\src\hotspot\share\interpreter\linkResolver.cpp, line 759]
Event: 18.148 Thread 0x0000020c7f8c9860 Exception <a 'java/lang/NoSuchMethodError'{0x00000000c8253ba0}: 'java.lang.Object java.lang.invoke.DirectMethodHandle$Holder.invokeSpecial(java.lang.Object, java.lang.Object, java.lang.Object, java.lang.Object, java.lang.Object, java.lang.Object, java.lang.Object, java.lang.Object, java.lang.Object, java.lang.Object, java.lang.Object, java.lang.Object)'> (0x00000000c8253ba0) 
thrown [s\open\src\hotspot\share\interpreter\linkResolver.cpp, line 759]
Event: 18.148 Thread 0x0000020c7f8c9860 Exception <a 'java/lang/NoSuchMethodError'{0x00000000c8258140}: 'java.lang.Object java.lang.invoke.Invokers$Holder.linkToTargetMethod(java.lang.Object, java.lang.Object, java.lang.Object, java.lang.Object, java.lang.Object, java.lang.Object, java.lang.Object, java.lang.Object, java.lang.Object, java.lang.Object, java.lang.Object)'> (0x00000000c8258140) 
thrown [s\open\src\hotspot\share\interpreter\linkResolver.cpp, line 759]
Event: 18.257 Thread 0x0000020c7f8c9860 Exception <a 'java/lang/NoSuchMethodError'{0x00000000c9cc1178}: 'java.lang.Object java.lang.invoke.DirectMethodHandle$Holder.newInvokeSpecial(java.lang.Object, java.lang.Object, java.lang.Object, java.lang.Object, java.lang.Object, java.lang.Object, java.lang.Object, int)'> (0x00000000c9cc1178) 
thrown [s\open\src\hotspot\share\interpreter\linkResolver.cpp, line 759]
Event: 18.257 Thread 0x0000020c7f8c9860 Exception <a 'java/lang/NoSuchMethodError'{0x00000000c9cc6170}: 'java.lang.Object java.lang.invoke.DirectMethodHandle$Holder.invokeSpecial(java.lang.Object, java.lang.Object, java.lang.Object, java.lang.Object, java.lang.Object, java.lang.Object, java.lang.Object, java.lang.Object, int)'> (0x00000000c9cc6170) 
thrown [s\open\src\hotspot\share\interpreter\linkResolver.cpp, line 759]
Event: 18.313 Thread 0x0000020c7f8c9860 Exception <a 'java/lang/NoSuchMethodError'{0x00000000c9793f20}: 'void java.lang.invoke.DirectMethodHandle$Holder.invokeInterface(java.lang.Object, java.lang.Object)'> (0x00000000c9793f20) 
thrown [s\open\src\hotspot\share\interpreter\linkResolver.cpp, line 759]
Event: 18.592 Thread 0x0000020c7f8c9860 Exception <a 'java/lang/NoSuchMethodError'{0x00000000c8db7f08}: 'java.lang.Object java.lang.invoke.DirectMethodHandle$Holder.newInvokeSpecial(java.lang.Object, java.lang.Object, java.lang.Object, java.lang.Object, java.lang.Object, java.lang.Object, java.lang.Object)'> (0x00000000c8db7f08) 
thrown [s\open\src\hotspot\share\interpreter\linkResolver.cpp, line 759]
Event: 19.824 Thread 0x0000020c7f8c9860 Exception <a 'java/lang/IncompatibleClassChangeError'{0x00000000c7e8db00}: Found class java.lang.Object, but interface was expected> (0x00000000c7e8db00) 
thrown [s\open\src\hotspot\share\interpreter\linkResolver.cpp, line 826]
Event: 19.905 Thread 0x0000020c7f8c9860 Exception <a 'java/lang/IncompatibleClassChangeError'{0x00000000c99ab2a8}: Found class java.lang.Object, but interface was expected> (0x00000000c99ab2a8) 
thrown [s\open\src\hotspot\share\interpreter\linkResolver.cpp, line 826]

VM Operations (20 events):
Event: 16.000 Executing VM operation: Cleanup done
Event: 16.030 Executing VM operation: G1CollectForAllocation
Event: 16.047 Executing VM operation: G1CollectForAllocation done
Event: 16.841 Executing VM operation: G1CollectForAllocation
Event: 16.851 Executing VM operation: G1CollectForAllocation done
Event: 17.536 Executing VM operation: HandshakeAllThreads
Event: 17.536 Executing VM operation: HandshakeAllThreads done
Event: 17.651 Executing VM operation: G1CollectForAllocation
Event: 17.660 Executing VM operation: G1CollectForAllocation done
Event: 17.764 Executing VM operation: G1Concurrent
Event: 17.767 Executing VM operation: G1Concurrent done
Event: 17.820 Executing VM operation: G1Concurrent
Event: 17.820 Executing VM operation: G1Concurrent done
Event: 18.240 Executing VM operation: G1CollectForAllocation
Event: 18.248 Executing VM operation: G1CollectForAllocation done
Event: 19.256 Executing VM operation: Cleanup
Event: 19.256 Executing VM operation: Cleanup done
Event: 19.849 Executing VM operation: G1CollectForAllocation
Event: 19.855 Executing VM operation: G1CollectForAllocation done
Event: 19.945 Executing VM operation: G1Concurrent

Events (20 events):
Event: 19.920 loading class org/springframework/orm/jpa/JpaOptimisticLockingFailureException
Event: 19.920 loading class org/springframework/orm/jpa/JpaOptimisticLockingFailureException done
Event: 19.920 loading class org/springframework/transaction/support/TransactionSynchronization
Event: 19.920 loading class org/springframework/transaction/support/TransactionSynchronization done
Event: 19.921 loading class org/springframework/transaction/support/TransactionSynchronizationManager
Event: 19.921 loading class org/springframework/transaction/support/TransactionSynchronizationManager done
Event: 19.923 loading class org/springframework/transaction/support/TransactionSynchronizationUtils
Event: 19.923 loading class org/springframework/transaction/support/TransactionSynchronizationUtils done
Event: 19.925 loading class org/springframework/aop/scope/ScopedObject
Event: 19.925 loading class org/springframework/aop/scope/ScopedObject done
Event: 19.926 loading class org/springframework/aop/RawTargetAccess
Event: 19.926 loading class org/springframework/aop/RawTargetAccess done
Event: 19.927 loading class org/springframework/core/InfrastructureProxy
Event: 19.927 loading class org/springframework/core/InfrastructureProxy done
Event: 19.928 loading class org/springframework/transaction/support/TransactionSynchronizationUtils$ScopedProxyUnwrapper
Event: 19.928 loading class org/springframework/transaction/support/TransactionSynchronizationUtils$ScopedProxyUnwrapper done
Event: 19.928 loading class org/hibernate/internal/SessionImpl
Event: 19.928 loading class org/hibernate/internal/SessionImpl done
Event: 19.943 loading class org/hibernate/event/spi/EventSource
Event: 19.943 loading class org/hibernate/event/spi/EventSource done


Dynamic libraries:
0x00007ff622820000 - 0x00007ff622830000 	C:\Program Files\Java\jdk-17\bin\java.exe
0x00007ffd3adb0000 - 0x00007ffd3afa8000 	C:\Windows\SYSTEM32\ntdll.dll
0x00007ffd39830000 - 0x00007ffd398ef000 	C:\Windows\System32\KERNEL32.DLL
0x00007ffd38750000 - 0x00007ffd38a46000 	C:\Windows\System32\KERNELBASE.dll
0x00007ffd384c0000 - 0x00007ffd385c0000 	C:\Windows\System32\ucrtbase.dll
0x00007ffd319e0000 - 0x00007ffd319fb000 	C:\Program Files\Java\jdk-17\bin\VCRUNTIME140.dll
0x00007ffd31c80000 - 0x00007ffd31c99000 	C:\Program Files\Java\jdk-17\bin\jli.dll
0x00007ffd3a850000 - 0x00007ffd3a8ff000 	C:\Windows\System32\ADVAPI32.dll
0x00007ffd39c40000 - 0x00007ffd39cde000 	C:\Windows\System32\msvcrt.dll
0x00007ffd39910000 - 0x00007ffd399ac000 	C:\Windows\System32\sechost.dll
0x00007ffd39700000 - 0x00007ffd39826000 	C:\Windows\System32\RPCRT4.dll
0x00007ffd26360000 - 0x00007ffd265fa000 	C:\Windows\WinSxS\amd64_microsoft.windows.common-controls_6595b64144ccf1df_6.0.19041.1110_none_60b5254171f9507e\COMCTL32.dll
0x00007ffd38ee0000 - 0x00007ffd3907d000 	C:\Windows\System32\USER32.dll
0x00007ffd3a820000 - 0x00007ffd3a84c000 	C:\Windows\System32\GDI32.dll
0x00007ffd38490000 - 0x00007ffd384b2000 	C:\Windows\System32\win32u.dll
0x00007ffd38af0000 - 0x00007ffd38c05000 	C:\Windows\System32\gdi32full.dll
0x00007ffd38d70000 - 0x00007ffd38e0d000 	C:\Windows\System32\msvcp_win.dll
0x00007ffd2bea0000 - 0x00007ffd2beaa000 	C:\Windows\SYSTEM32\VERSION.dll
0x00007ffd39c00000 - 0x00007ffd39c30000 	C:\Windows\System32\IMM32.DLL
0x00007ffd33f20000 - 0x00007ffd33f2c000 	C:\Program Files\Java\jdk-17\bin\vcruntime140_1.dll
0x00007ffd2e720000 - 0x00007ffd2e7ae000 	C:\Program Files\Java\jdk-17\bin\msvcp140.dll
0x00007ffcfd270000 - 0x00007ffcfde4d000 	C:\Program Files\Java\jdk-17\bin\server\jvm.dll
0x00007ffd39130000 - 0x00007ffd39138000 	C:\Windows\System32\PSAPI.DLL
0x00007ffd32a30000 - 0x00007ffd32a39000 	C:\Windows\SYSTEM32\WSOCK32.dll
0x00007ffd39b90000 - 0x00007ffd39bfb000 	C:\Windows\System32\WS2_32.dll
0x00007ffd25140000 - 0x00007ffd25167000 	C:\Windows\SYSTEM32\WINMM.dll
0x00007ffd36340000 - 0x00007ffd36352000 	C:\Windows\SYSTEM32\kernel.appcore.dll
0x00007ffd31550000 - 0x00007ffd3155a000 	C:\Program Files\Java\jdk-17\bin\jimage.dll
0x00007ffd24d30000 - 0x00007ffd24f14000 	C:\Windows\SYSTEM32\DBGHELP.DLL
0x00007ffd245b0000 - 0x00007ffd245e4000 	C:\Windows\SYSTEM32\dbgcore.DLL
0x00007ffd386c0000 - 0x00007ffd38742000 	C:\Windows\System32\bcryptPrimitives.dll
0x00007ffd2eff0000 - 0x00007ffd2effe000 	C:\Program Files\Java\jdk-17\bin\instrument.dll
0x00007ffd313b0000 - 0x00007ffd313d5000 	C:\Program Files\Java\jdk-17\bin\java.dll
0x00007ffd2f0a0000 - 0x00007ffd2f0b8000 	C:\Program Files\Java\jdk-17\bin\zip.dll
0x00007ffd0ee60000 - 0x00007ffd0ef37000 	C:\Program Files\Java\jdk-17\bin\jsvml.dll
0x00007ffd39d70000 - 0x00007ffd3a4b4000 	C:\Windows\System32\SHELL32.dll
0x00007ffd36540000 - 0x00007ffd36cd3000 	C:\Windows\SYSTEM32\windows.storage.dll
0x00007ffd3a4c0000 - 0x00007ffd3a814000 	C:\Windows\System32\combase.dll
0x00007ffd37ee0000 - 0x00007ffd37f0e000 	C:\Windows\SYSTEM32\Wldp.dll
0x00007ffd39080000 - 0x00007ffd3912d000 	C:\Windows\System32\SHCORE.dll
0x00007ffd39430000 - 0x00007ffd39485000 	C:\Windows\System32\shlwapi.dll
0x00007ffd383d0000 - 0x00007ffd383ef000 	C:\Windows\SYSTEM32\profapi.dll
0x00007ffd2f460000 - 0x00007ffd2f479000 	C:\Program Files\Java\jdk-17\bin\net.dll
0x00007ffd30960000 - 0x00007ffd30a6a000 	C:\Windows\SYSTEM32\WINHTTP.dll
0x00007ffd37c40000 - 0x00007ffd37caa000 	C:\Windows\system32\mswsock.dll
0x00007ffd2f440000 - 0x00007ffd2f456000 	C:\Program Files\Java\jdk-17\bin\nio.dll
0x00007ffd2e6f0000 - 0x00007ffd2e70a000 	C:\Program Files\JetBrains\IntelliJ IDEA 2023.1.2\bin\breakgen64.dll
0x00007ffd37930000 - 0x00007ffd379fa000 	C:\Windows\SYSTEM32\DNSAPI.dll
0x00007ffd378e0000 - 0x00007ffd3791c000 	C:\Windows\SYSTEM32\IPHLPAPI.DLL
0x00007ffd399b0000 - 0x00007ffd399b8000 	C:\Windows\System32\NSI.dll
0x00007ffd30d90000 - 0x00007ffd30d9a000 	C:\Windows\System32\rasadhlp.dll
0x00007ffd2bf20000 - 0x00007ffd2bfa2000 	C:\Windows\System32\fwpuclnt.dll
0x00007ffd38a50000 - 0x00007ffd38a77000 	C:\Windows\System32\bcrypt.dll
0x00007ffd2f010000 - 0x00007ffd2f01a000 	C:\Program Files\Java\jdk-17\bin\management.dll
0x00007ffd2f000000 - 0x00007ffd2f00b000 	C:\Program Files\Java\jdk-17\bin\management_ext.dll
0x00007ffd37e40000 - 0x00007ffd37e58000 	C:\Windows\SYSTEM32\CRYPTSP.dll
0x00007ffd374f0000 - 0x00007ffd37524000 	C:\Windows\system32\rsaenh.dll
0x00007ffd38390000 - 0x00007ffd383be000 	C:\Windows\SYSTEM32\USERENV.dll
0x00007ffd37e30000 - 0x00007ffd37e3c000 	C:\Windows\SYSTEM32\CRYPTBASE.dll
0x00007ffd30d50000 - 0x00007ffd30d67000 	C:\Windows\SYSTEM32\dhcpcsvc6.DLL
0x00007ffd30dc0000 - 0x00007ffd30ddd000 	C:\Windows\SYSTEM32\dhcpcsvc.DLL
0x00007ffd1e0b0000 - 0x00007ffd1e0c7000 	C:\Windows\system32\napinsp.dll
0x00007ffd1e090000 - 0x00007ffd1e0ab000 	C:\Windows\system32\pnrpnsp.dll
0x00007ffd32b80000 - 0x00007ffd32b95000 	C:\Windows\system32\wshbth.dll
0x00007ffd33e20000 - 0x00007ffd33e3d000 	C:\Windows\system32\NLAapi.dll
0x00007ffd1dfb0000 - 0x00007ffd1dfc2000 	C:\Windows\System32\winrnr.dll
0x00007ffd2e710000 - 0x00007ffd2e71d000 	C:\Program Files\Java\jdk-17\bin\sunmscapi.dll
0x00007ffd38c10000 - 0x00007ffd38d6e000 	C:\Windows\System32\CRYPT32.dll
0x00007ffd37f50000 - 0x00007ffd37f78000 	C:\Windows\SYSTEM32\ncrypt.dll
0x00007ffd37f10000 - 0x00007ffd37f4b000 	C:\Windows\SYSTEM32\NTASN1.dll
0x00007ffd313a0000 - 0x00007ffd313b0000 	C:\Program Files\Java\jdk-17\bin\verify.dll

dbghelp: loaded successfully - version: 4.0.5 - missing functions: none
symbol engine: initialized successfully - sym options: 0x614 - pdb path: .;C:\Program Files\Java\jdk-17\bin;C:\Windows\SYSTEM32;C:\Windows\WinSxS\amd64_microsoft.windows.common-controls_6595b64144ccf1df_6.0.19041.1110_none_60b5254171f9507e;C:\Program Files\Java\jdk-17\bin\server;C:\Program Files\JetBrains\IntelliJ IDEA 2023.1.2\bin

VM Arguments:
jvm_args: -javaagent:C:\Users\HPPRO~1\AppData\Local\Temp\testAgentjars\intellij-coverage-agent-1.0.706.jar=C:\Users\HPPRO~1\AppData\Local\Temp\coverageargs -Didea.new.sampling.coverage=true -Dcoverage.ignore.private.constructor.util.class=true -XX:TieredStopAtLevel=1 -Dspring.output.ansi.enabled=always -Dcom.sun.management.jmxremote -Dspring.jmx.enabled=true -Dspring.liveBeansView.mbeanDomain -Dspring.application.admin.enabled=true -Dmanagement.endpoints.jmx.exposure.include=* -javaagent:C:\Program Files\JetBrains\IntelliJ IDEA 2023.1.2\lib\idea_rt.jar=65422:C:\Program Files\JetBrains\IntelliJ IDEA 2023.1.2\bin -Dfile.encoding=UTF-8 
java_command: com.example.demo.DemoApplication
java_class_path (initial): C:\Users\HP PRO\Downloads\demo\target\classes;C:\Users\HP PRO\.m2\repository\org\springframework\boot\spring-boot-starter-data-jpa\3.1.0\spring-boot-starter-data-jpa-3.1.0.jar;C:\Users\HP PRO\.m2\repository\org\springframework\boot\spring-boot-starter-aop\3.1.0\spring-boot-starter-aop-3.1.0.jar;C:\Users\HP PRO\.m2\repository\org\springframework\spring-aop\6.0.9\spring-aop-6.0.9.jar;C:\Users\HP PRO\.m2\repository\org\aspectj\aspectjweaver\1.9.19\aspectjweaver-1.9.19.jar;C:\Users\HP PRO\.m2\repository\org\springframework\boot\spring-boot-starter-jdbc\3.1.0\spring-boot-starter-jdbc-3.1.0.jar;C:\Users\HP PRO\.m2\repository\com\zaxxer\HikariCP\5.0.1\HikariCP-5.0.1.jar;C:\Users\HP PRO\.m2\repository\org\springframework\spring-jdbc\6.0.9\spring-jdbc-6.0.9.jar;C:\Users\HP PRO\.m2\repository\org\hibernate\orm\hibernate-core\6.2.2.Final\hibernate-core-6.2.2.Final.jar;C:\Users\HP PRO\.m2\repository\jakarta\persistence\jakarta.persistence-api\3.1.0\jakarta.persistence-api-3.1.0.jar;C:\Users\HP PRO\.m2\repository\jakarta\transaction\jakarta.transaction-api\2.0.1\jakarta.transaction-api-2.0.1.jar;C:\Users\HP PRO\.m2\repository\org\jboss\logging\jboss-logging\3.5.0.Final\jboss-logging-3.5.0.Final.jar;C:\Users\HP PRO\.m2\repository\org\hibernate\common\hibernate-commons-annotations\6.0.6.Final\hibernate-commons-annotations-6.0.6.Final.jar;C:\Users\HP PRO\.m2\repository\io\smallrye\jandex\3.0.5\jandex-3.0.5.jar;C:\Users\HP PRO\.m2\repository\com\fasterxml\classmate\1.5.1\classmate-1.5.1.jar;C:\Users\HP PRO\.m2\repository\net\bytebuddy\byte-buddy\1.14.4\byte-buddy-1.14.4.jar;C:\Users\HP PRO\.m2\repository\org\glassfish\jaxb\jaxb-runtime\4.0.2\jaxb-runtime-4.0.2.jar;C:\Users\HP PRO\.m2\repository\org\glassfish\jaxb\jaxb-core\4.0.2\jaxb-core-4.0.2.jar;C:\Users\HP PRO\.m2\repository\org\eclipse\angus\angus-activation\2.0.0\angus-activation-2.0.0.jar;C:\Users\HP PRO\.m2\repository\org\glassfish\jaxb\txw2\4.0.2\txw2-4.0.2.jar;C:\Users\HP PRO\.m2\repository\com
Launcher Type: SUN_STANDARD

[Global flags]
     intx CICompilerCount                          = 3                                         {product} {ergonomic}
     uint ConcGCThreads                            = 1                                         {product} {ergonomic}
     uint G1ConcRefinementThreads                  = 4                                         {product} {ergonomic}
   size_t G1HeapRegionSize                         = 1048576                                   {product} {ergonomic}
    uintx GCDrainStackTargetSize                   = 64                                        {product} {ergonomic}
   size_t InitialHeapSize                          = 65011712                                  {product} {ergonomic}
     bool ManagementServer                         = true                                      {product} {command line}
   size_t MarkStackSize                            = 4194304                                   {product} {ergonomic}
   size_t MaxHeapSize                              = 1023410176                                {product} {ergonomic}
   size_t MaxNewSize                               = 613416960                                 {product} {ergonomic}
   size_t MinHeapDeltaBytes                        = 1048576                                   {product} {ergonomic}
   size_t MinHeapSize                              = 8388608                                   {product} {ergonomic}
    uintx NonProfiledCodeHeapSize                  = 0                                      {pd product} {ergonomic}
     bool ProfileInterpreter                       = false                                  {pd product} {command line}
    uintx ProfiledCodeHeapSize                     = 0                                      {pd product} {ergonomic}
   size_t SoftMaxHeapSize                          = 1023410176                             {manageable} {ergonomic}
     intx TieredStopAtLevel                        = 1                                         {product} {command line}
     bool UseCompressedClassPointers               = true                           {product lp64_product} {ergonomic}
     bool UseCompressedOops                        = true                           {product lp64_product} {ergonomic}
     bool UseG1GC                                  = true                                      {product} {ergonomic}
     bool UseLargePagesIndividualAllocation        = false                                  {pd product} {ergonomic}

Logging:
Log output configuration:
 #0: stdout all=warning uptime,level,tags
 #1: stderr all=off uptime,level,tags

Environment Variables:
JAVA_HOME=C:\Program Files\Java\jdk-17
PATH=C:\Program Files\Common Files\Oracle\Java\javapath;C:\Windows\system32;C:\Windows;C:\Windows\System32\Wbem;C:\Windows\System32\WindowsPowerShell\v1.0\;C:\Windows\System32\OpenSSH\;C:\Program Files\Docker\Docker\resources\bin;C:\ProgramData\chocolatey\bin;C:\Program Files\Git\cmd;C:\Program Files\nodejs\;C:\Program Files\Tesseract-OCR;C:\Program Files\Tesseract-OCR\tessdata;C:\MinGW\bin;C:\Users\HP PRO\AppData\Local\Microsoft\WindowsApps;C:\Users\HP PRO\AppData\Local\Programs\Microsoft VS Code\bin;";C:\Program Files\nodejs\";C:\Users\HP PRO\AppData\Roaming\npm;C:\Program Files\Tesseract-OCR;C:\Program Files\Tesseract-OCR\tessdata;;C:\Program Files\JetBrains\IntelliJ IDEA 2023.1.2\bin;
USERNAME=HP_PRO
OS=Windows_NT
PROCESSOR_IDENTIFIER=Intel64 Family 6 Model 60 Stepping 3, GenuineIntel



---------------  S Y S T E M  ---------------

OS:
 Windows 10 , 64 bit Build 19041 (10.0.19041.3031)
OS uptime: 1 days 21:18 hours

CPU: total 4 (initial active 4) (2 cores per cpu, 2 threads per core) family 6 model 60 stepping 3 microcode 0x27, cx8, cmov, fxsr, ht, mmx, sse, sse2, sse3, ssse3, sse4.1, sse4.2, popcnt, lzcnt, tsc, tscinvbit, avx, avx2, aes, erms, clmul, bmi1, bmi2, fma, vzeroupper, clflush

Memory: 4k page, system-wide physical 3897M (213M free)
TotalPageFile size 15673M (AvailPageFile size 2M)
current process WorkingSet (physical memory assigned to process): 250M, peak: 250M
current process commit charge ("private bytes"): 297M, peak: 302M

vm_info: Java HotSpot(TM) 64-Bit Server VM (17.0.7+8-LTS-224) for windows-amd64 JRE (17.0.7+8-LTS-224), built on Feb 28 2023 23:03:02 by "mach5one" with MS VC++ 17.1 (VS2022)

END.
