#
# There is insufficient memory for the Java Runtime Environment to continue.
# Native memory allocation (malloc) failed to allocate 32744 bytes for ChunkPool::allocate
# Possible reasons:
#   The system is out of physical RAM or swap space
#   The process is running with CompressedOops enabled, and the Java Heap may be blocking the growth of the native heap
# Possible solutions:
#   Reduce memory load on the system
#   Increase physical memory or swap space
#   Check if swap backing store is full
#   Decrease Java heap size (-Xmx/-Xms)
#   Decrease number of Java threads
#   Decrease Java thread stack sizes (-Xss)
#   Set larger code cache with -XX:ReservedCodeCacheSize=
#   JVM is running with Unscaled Compressed Oops mode in which the Java heap is
#     placed in the first 4GB address space. The Java Heap base address is the
#     maximum limit for the native heap growth. Please use -XX:HeapBaseMinAddress
#     to set the Java Heap base and to place the Java Heap above 4GB virtual address.
# This output file may be truncated or incomplete.
#
#  Out of Memory Error (arena.cpp:78), pid=12056, tid=10228
#
# JRE version: Java(TM) SE Runtime Environment (17.0.7+8) (build 17.0.7+8-LTS-224)
# Java VM: Java HotSpot(TM) 64-Bit Server VM (17.0.7+8-LTS-224, mixed mode, emulated-client, sharing, tiered, compressed oops, compressed class ptrs, g1 gc, windows-amd64)
# No core dump will be written. Minidumps are not enabled by default on client versions of Windows
#

---------------  S U M M A R Y ------------

Command Line: -XX:TieredStopAtLevel=1 -Dspring.output.ansi.enabled=always -Dcom.sun.management.jmxremote -Dspring.jmx.enabled=true -Dspring.liveBeansView.mbeanDomain -Dspring.application.admin.enabled=true -Dmanagement.endpoints.jmx.exposure.include=* -javaagent:C:\Program Files\JetBrains\IntelliJ IDEA 2023.1.2\lib\idea_rt.jar=65517:C:\Program Files\JetBrains\IntelliJ IDEA 2023.1.2\bin -Dfile.encoding=UTF-8 com.example.demo.DemoApplication

Host: Intel(R) Core(TM) i5-4300M CPU @ 2.60GHz, 4 cores, 3G,  Windows 10 , 64 bit Build 19041 (10.0.19041.3031)
Time: Fri Jun 16 17:03:51 2023 South Africa Standard Time elapsed time: 10.568610 seconds (0d 0h 0m 10s)

---------------  T H R E A D  ---------------

Current thread (0x0000021e9faa9740):  JavaThread "C1 CompilerThread0" daemon [_thread_in_native, id=10228, stack(0x000000bc4db00000,0x000000bc4dc00000)]


Current CompileTask:
C1:  10568 2613       1       org.springframework.asm.ClassReader::accept (1401 bytes)

Stack: [0x000000bc4db00000,0x000000bc4dc00000]
Native frames: (J=compiled Java code, j=interpreted, Vv=VM code, C=native code)
V  [jvm.dll+0x676a4a]
V  [jvm.dll+0x7d74f4]
V  [jvm.dll+0x7d8c9e]
V  [jvm.dll+0x7d9303]
V  [jvm.dll+0x2452c5]
V  [jvm.dll+0xaac80]
V  [jvm.dll+0xaafcc]
V  [jvm.dll+0x16128e]
V  [jvm.dll+0x15d47e]
V  [jvm.dll+0x14b6c0]
V  [jvm.dll+0x134817]
V  [jvm.dll+0x1341af]
V  [jvm.dll+0x1343e8]
V  [jvm.dll+0x133881]
V  [jvm.dll+0x13552d]
V  [jvm.dll+0x226a6e]
V  [jvm.dll+0x224e15]
V  [jvm.dll+0x78d05c]
V  [jvm.dll+0x78759a]
V  [jvm.dll+0x675875]
C  [ucrtbase.dll+0x21bb2]
C  [KERNEL32.DLL+0x17614]
C  [ntdll.dll+0x526f1]


---------------  P R O C E S S  ---------------

Threads class SMR info:
_java_thread_list=0x0000021eaff1cce0, length=17, elements={
0x0000021e9f9d9bb0, 0x0000021e9fa93920, 0x0000021e9fa95070, 0x0000021e9faa36f0,
0x0000021e9faa4560, 0x0000021e9faa8330, 0x0000021e9faa8ce0, 0x0000021e9faa9740,
0x0000021eae93a370, 0x0000021eae90cdb0, 0x0000021eaf73ea60, 0x0000021eaf742200,
0x0000021eafbb6cf0, 0x0000021eaf5823d0, 0x0000021eaffc9fa0, 0x0000021eb006d6d0,
0x0000021eafdbb590
}

Java Threads: ( => current thread )
  0x0000021e9f9d9bb0 JavaThread "main" [_thread_in_vm, id=11836, stack(0x000000bc4ce00000,0x000000bc4cf00000)]
  0x0000021e9fa93920 JavaThread "Reference Handler" daemon [_thread_blocked, id=15052, stack(0x000000bc4d500000,0x000000bc4d600000)]
  0x0000021e9fa95070 JavaThread "Finalizer" daemon [_thread_blocked, id=16928, stack(0x000000bc4d600000,0x000000bc4d700000)]
  0x0000021e9faa36f0 JavaThread "Signal Dispatcher" daemon [_thread_blocked, id=13188, stack(0x000000bc4d700000,0x000000bc4d800000)]
  0x0000021e9faa4560 JavaThread "Attach Listener" daemon [_thread_blocked, id=16076, stack(0x000000bc4d800000,0x000000bc4d900000)]
  0x0000021e9faa8330 JavaThread "Service Thread" daemon [_thread_blocked, id=4628, stack(0x000000bc4d900000,0x000000bc4da00000)]
  0x0000021e9faa8ce0 JavaThread "Monitor Deflation Thread" daemon [_thread_blocked, id=15244, stack(0x000000bc4da00000,0x000000bc4db00000)]
=>0x0000021e9faa9740 JavaThread "C1 CompilerThread0" daemon [_thread_in_native, id=10228, stack(0x000000bc4db00000,0x000000bc4dc00000)]
  0x0000021eae93a370 JavaThread "Sweeper thread" daemon [_thread_blocked, id=8924, stack(0x000000bc4dc00000,0x000000bc4dd00000)]
  0x0000021eae90cdb0 JavaThread "Common-Cleaner" daemon [_thread_blocked, id=5704, stack(0x000000bc4dd00000,0x000000bc4de00000)]
  0x0000021eaf73ea60 JavaThread "Monitor Ctrl-Break" daemon [_thread_in_native, id=18276, stack(0x000000bc4df00000,0x000000bc4e000000)]
  0x0000021eaf742200 JavaThread "Notification Thread" daemon [_thread_blocked, id=11728, stack(0x000000bc4e000000,0x000000bc4e100000)]
  0x0000021eafbb6cf0 JavaThread "RMI TCP Accept-0" daemon [_thread_in_native, id=17216, stack(0x000000bc4e100000,0x000000bc4e200000)]
  0x0000021eaf5823d0 JavaThread "RMI TCP Connection(1)-172.28.16.1" daemon [_thread_in_native, id=9184, stack(0x000000bc4de00000,0x000000bc4df00000)]
  0x0000021eaffc9fa0 JavaThread "RMI Scheduler(0)" daemon [_thread_blocked, id=11548, stack(0x000000bc4e700000,0x000000bc4e800000)]
  0x0000021eb006d6d0 JavaThread "C1 CompilerThread1" daemon [_thread_in_native, id=16656, stack(0x000000bc4e800000,0x000000bc4e900000)]
  0x0000021eafdbb590 JavaThread "RMI TCP Connection(2)-172.28.16.1" daemon [_thread_in_native, id=4340, stack(0x000000bc4e900000,0x000000bc4ea00000)]

Other Threads:
  0x0000021e9fa8ccb0 VMThread "VM Thread" [stack: 0x000000bc4d400000,0x000000bc4d500000] [id=11768]
  0x0000021eafbb71c0 WatcherThread [stack: 0x000000bc4e200000,0x000000bc4e300000] [id=15476]
  0x0000021e9fa14380 GCTaskThread "GC Thread#0" [stack: 0x000000bc4cf00000,0x000000bc4d000000] [id=14824]
  0x0000021eafc95c30 GCTaskThread "GC Thread#1" [stack: 0x000000bc4e300000,0x000000bc4e400000] [id=16424]
  0x0000021eafcb69f0 GCTaskThread "GC Thread#2" [stack: 0x000000bc4e400000,0x000000bc4e500000] [id=3212]
  0x0000021eaff78960 GCTaskThread "GC Thread#3" [stack: 0x000000bc4e500000,0x000000bc4e600000] [id=4044]
  0x0000021e9fa1ccc0 ConcurrentGCThread "G1 Main Marker" [stack: 0x000000bc4d000000,0x000000bc4d100000] [id=12356]
  0x0000021e9fa1ee80 ConcurrentGCThread "G1 Conc#0" [stack: 0x000000bc4d100000,0x000000bc4d200000] [id=17684]
  0x0000021e9fa5bb30 ConcurrentGCThread "G1 Refine#0" [stack: 0x000000bc4d200000,0x000000bc4d300000] [id=15200]
  0x0000021eafc2c700 ConcurrentGCThread "G1 Refine#1" [stack: 0x000000bc4e600000,0x000000bc4e700000] [id=9360]
  0x0000021e9fa5c550 ConcurrentGCThread "G1 Service" [stack: 0x000000bc4d300000,0x000000bc4d400000] [id=11412]

Threads with active compile tasks:
C1 CompilerThread0    10713 2613       1       org.springframework.asm.ClassReader::accept (1401 bytes)
C1 CompilerThread1    10713 2617   !   1       org.springframework.core.type.filter.AssignableTypeFilter::matchTargetType (72 bytes)

VM state: not at safepoint (normal execution)

VM Mutex/Monitor currently owned by a thread: None

Heap address: 0x00000000c3000000, size: 976 MB, Compressed Oops mode: 32-bit

CDS archive(s) mapped at: [0x0000000800000000-0x0000000800bd0000-0x0000000800bd0000), size 12386304, SharedBaseAddress: 0x0000000800000000, ArchiveRelocationMode: 0.
Compressed class space mapped at: 0x0000000800c00000-0x0000000840c00000, reserved size: 1073741824
Narrow klass base: 0x0000000800000000, Narrow klass shift: 0, Narrow klass range: 0x100000000

GC Precious Log:
 CPUs: 4 total, 4 available
 Memory: 3897M
 Large Page Support: Disabled
 NUMA Support: Disabled
 Compressed Oops: Enabled (32-bit)
 Heap Region Size: 1M
 Heap Min Capacity: 8M
 Heap Initial Capacity: 62M
 Heap Max Capacity: 976M
 Pre-touch: Disabled
 Parallel Workers: 4
 Concurrent Workers: 1
 Concurrent Refinement Workers: 4
 Periodic GC: Disabled

Heap:
 garbage-first heap   total 63488K, used 21676K [0x00000000c3000000, 0x0000000100000000)
  region size 1024K, 15 young (15360K), 4 survivors (4096K)
 Metaspace       used 18752K, committed 19008K, reserved 1073152K
  class space    used 2506K, committed 2624K, reserved 1048576K

Heap Regions: E=young(eden), S=young(survivor), O=old, HS=humongous(starts), HC=humongous(continues), CS=collection set, F=free, OA=open archive, CA=closed archive, TAMS=top-at-mark-start (previous, next)
|   0|0x00000000c3000000, 0x00000000c3100000, 0x00000000c3100000|100%|HS|  |TAMS 0x00000000c3000000, 0x00000000c3000000| Complete 
|   1|0x00000000c3100000, 0x00000000c3200000, 0x00000000c3200000|100%| O|  |TAMS 0x00000000c3100000, 0x00000000c3100000| Untracked 
|   2|0x00000000c3200000, 0x00000000c3300000, 0x00000000c3300000|100%| O|  |TAMS 0x00000000c3200000, 0x00000000c3200000| Untracked 
|   3|0x00000000c3300000, 0x00000000c3400000, 0x00000000c3400000|100%| O|  |TAMS 0x00000000c3300000, 0x00000000c3300000| Untracked 
|   4|0x00000000c3400000, 0x00000000c3500000, 0x00000000c3500000|100%| O|  |TAMS 0x00000000c3400000, 0x00000000c3400000| Untracked 
|   5|0x00000000c3500000, 0x00000000c3600000, 0x00000000c3600000|100%| O|  |TAMS 0x00000000c3500000, 0x00000000c3500000| Untracked 
|   6|0x00000000c3600000, 0x00000000c3700000, 0x00000000c3700000|100%| O|  |TAMS 0x00000000c3600000, 0x00000000c3600000| Untracked 
|   7|0x00000000c3700000, 0x00000000c3757000, 0x00000000c3800000| 33%| O|  |TAMS 0x00000000c3700000, 0x00000000c3700000| Untracked 
|   8|0x00000000c3800000, 0x00000000c3800000, 0x00000000c3900000|  0%| F|  |TAMS 0x00000000c3800000, 0x00000000c3800000| Untracked 
|   9|0x00000000c3900000, 0x00000000c3900000, 0x00000000c3a00000|  0%| F|  |TAMS 0x00000000c3900000, 0x00000000c3900000| Untracked 
|  10|0x00000000c3a00000, 0x00000000c3a00000, 0x00000000c3b00000|  0%| F|  |TAMS 0x00000000c3a00000, 0x00000000c3a00000| Untracked 
|  11|0x00000000c3b00000, 0x00000000c3b00000, 0x00000000c3c00000|  0%| F|  |TAMS 0x00000000c3b00000, 0x00000000c3b00000| Untracked 
|  12|0x00000000c3c00000, 0x00000000c3c00000, 0x00000000c3d00000|  0%| F|  |TAMS 0x00000000c3c00000, 0x00000000c3c00000| Untracked 
|  13|0x00000000c3d00000, 0x00000000c3d00000, 0x00000000c3e00000|  0%| F|  |TAMS 0x00000000c3d00000, 0x00000000c3d00000| Untracked 
|  14|0x00000000c3e00000, 0x00000000c3e00000, 0x00000000c3f00000|  0%| F|  |TAMS 0x00000000c3e00000, 0x00000000c3e00000| Untracked 
|  15|0x00000000c3f00000, 0x00000000c3f00000, 0x00000000c4000000|  0%| F|  |TAMS 0x00000000c3f00000, 0x00000000c3f00000| Untracked 
|  16|0x00000000c4000000, 0x00000000c4000000, 0x00000000c4100000|  0%| F|  |TAMS 0x00000000c4000000, 0x00000000c4000000| Untracked 
|  17|0x00000000c4100000, 0x00000000c4100000, 0x00000000c4200000|  0%| F|  |TAMS 0x00000000c4100000, 0x00000000c4100000| Untracked 
|  18|0x00000000c4200000, 0x00000000c4200000, 0x00000000c4300000|  0%| F|  |TAMS 0x00000000c4200000, 0x00000000c4200000| Untracked 
|  19|0x00000000c4300000, 0x00000000c4300000, 0x00000000c4400000|  0%| F|  |TAMS 0x00000000c4300000, 0x00000000c4300000| Untracked 
|  20|0x00000000c4400000, 0x00000000c4400000, 0x00000000c4500000|  0%| F|  |TAMS 0x00000000c4400000, 0x00000000c4400000| Untracked 
|  21|0x00000000c4500000, 0x00000000c4500000, 0x00000000c4600000|  0%| F|  |TAMS 0x00000000c4500000, 0x00000000c4500000| Untracked 
|  22|0x00000000c4600000, 0x00000000c4600000, 0x00000000c4700000|  0%| F|  |TAMS 0x00000000c4600000, 0x00000000c4600000| Untracked 
|  23|0x00000000c4700000, 0x00000000c4700000, 0x00000000c4800000|  0%| F|  |TAMS 0x00000000c4700000, 0x00000000c4700000| Untracked 
|  24|0x00000000c4800000, 0x00000000c4800000, 0x00000000c4900000|  0%| F|  |TAMS 0x00000000c4800000, 0x00000000c4800000| Untracked 
|  25|0x00000000c4900000, 0x00000000c4900000, 0x00000000c4a00000|  0%| F|  |TAMS 0x00000000c4900000, 0x00000000c4900000| Untracked 
|  26|0x00000000c4a00000, 0x00000000c4ad40b0, 0x00000000c4b00000| 82%| S|CS|TAMS 0x00000000c4a00000, 0x00000000c4a00000| Complete 
|  27|0x00000000c4b00000, 0x00000000c4c00000, 0x00000000c4c00000|100%| S|CS|TAMS 0x00000000c4b00000, 0x00000000c4b00000| Complete 
|  28|0x00000000c4c00000, 0x00000000c4d00000, 0x00000000c4d00000|100%| S|CS|TAMS 0x00000000c4c00000, 0x00000000c4c00000| Complete 
|  29|0x00000000c4d00000, 0x00000000c4e00000, 0x00000000c4e00000|100%| S|CS|TAMS 0x00000000c4d00000, 0x00000000c4d00000| Complete 
|  30|0x00000000c4e00000, 0x00000000c4e00000, 0x00000000c4f00000|  0%| F|  |TAMS 0x00000000c4e00000, 0x00000000c4e00000| Untracked 
|  31|0x00000000c4f00000, 0x00000000c4f00000, 0x00000000c5000000|  0%| F|  |TAMS 0x00000000c4f00000, 0x00000000c4f00000| Untracked 
|  32|0x00000000c5000000, 0x00000000c5000000, 0x00000000c5100000|  0%| F|  |TAMS 0x00000000c5000000, 0x00000000c5000000| Untracked 
|  33|0x00000000c5100000, 0x00000000c5100000, 0x00000000c5200000|  0%| F|  |TAMS 0x00000000c5100000, 0x00000000c5100000| Untracked 
|  34|0x00000000c5200000, 0x00000000c5200000, 0x00000000c5300000|  0%| F|  |TAMS 0x00000000c5200000, 0x00000000c5200000| Untracked 
|  35|0x00000000c5300000, 0x00000000c5300000, 0x00000000c5400000|  0%| F|  |TAMS 0x00000000c5300000, 0x00000000c5300000| Untracked 
|  36|0x00000000c5400000, 0x00000000c5400000, 0x00000000c5500000|  0%| F|  |TAMS 0x00000000c5400000, 0x00000000c5400000| Untracked 
|  37|0x00000000c5500000, 0x00000000c5500000, 0x00000000c5600000|  0%| F|  |TAMS 0x00000000c5500000, 0x00000000c5500000| Untracked 
|  38|0x00000000c5600000, 0x00000000c5600000, 0x00000000c5700000|  0%| F|  |TAMS 0x00000000c5600000, 0x00000000c5600000| Untracked 
|  39|0x00000000c5700000, 0x00000000c5700000, 0x00000000c5800000|  0%| F|  |TAMS 0x00000000c5700000, 0x00000000c5700000| Untracked 
|  40|0x00000000c5800000, 0x00000000c5800000, 0x00000000c5900000|  0%| F|  |TAMS 0x00000000c5800000, 0x00000000c5800000| Untracked 
|  41|0x00000000c5900000, 0x00000000c5900000, 0x00000000c5a00000|  0%| F|  |TAMS 0x00000000c5900000, 0x00000000c5900000| Untracked 
|  42|0x00000000c5a00000, 0x00000000c5a00000, 0x00000000c5b00000|  0%| F|  |TAMS 0x00000000c5a00000, 0x00000000c5a00000| Untracked 
|  43|0x00000000c5b00000, 0x00000000c5b00000, 0x00000000c5c00000|  0%| F|  |TAMS 0x00000000c5b00000, 0x00000000c5b00000| Untracked 
|  44|0x00000000c5c00000, 0x00000000c5c00000, 0x00000000c5d00000|  0%| F|  |TAMS 0x00000000c5c00000, 0x00000000c5c00000| Untracked 
|  45|0x00000000c5d00000, 0x00000000c5d00000, 0x00000000c5e00000|  0%| F|  |TAMS 0x00000000c5d00000, 0x00000000c5d00000| Untracked 
|  46|0x00000000c5e00000, 0x00000000c5e00000, 0x00000000c5f00000|  0%| F|  |TAMS 0x00000000c5e00000, 0x00000000c5e00000| Untracked 
|  47|0x00000000c5f00000, 0x00000000c5f00000, 0x00000000c6000000|  0%| F|  |TAMS 0x00000000c5f00000, 0x00000000c5f00000| Untracked 
|  48|0x00000000c6000000, 0x00000000c6000000, 0x00000000c6100000|  0%| F|  |TAMS 0x00000000c6000000, 0x00000000c6000000| Untracked 
|  49|0x00000000c6100000, 0x00000000c6100000, 0x00000000c6200000|  0%| F|  |TAMS 0x00000000c6100000, 0x00000000c6100000| Untracked 
|  50|0x00000000c6200000, 0x00000000c6200000, 0x00000000c6300000|  0%| F|  |TAMS 0x00000000c6200000, 0x00000000c6200000| Untracked 
|  51|0x00000000c6300000, 0x00000000c63d3ba8, 0x00000000c6400000| 82%| E|  |TAMS 0x00000000c6300000, 0x00000000c6300000| Complete 
|  52|0x00000000c6400000, 0x00000000c6500000, 0x00000000c6500000|100%| E|CS|TAMS 0x00000000c6400000, 0x00000000c6400000| Complete 
|  53|0x00000000c6500000, 0x00000000c6600000, 0x00000000c6600000|100%| E|CS|TAMS 0x00000000c6500000, 0x00000000c6500000| Complete 
|  54|0x00000000c6600000, 0x00000000c6700000, 0x00000000c6700000|100%| E|CS|TAMS 0x00000000c6600000, 0x00000000c6600000| Complete 
|  55|0x00000000c6700000, 0x00000000c6800000, 0x00000000c6800000|100%| E|CS|TAMS 0x00000000c6700000, 0x00000000c6700000| Complete 
|  56|0x00000000c6800000, 0x00000000c6900000, 0x00000000c6900000|100%| E|CS|TAMS 0x00000000c6800000, 0x00000000c6800000| Complete 
|  57|0x00000000c6900000, 0x00000000c6a00000, 0x00000000c6a00000|100%| E|CS|TAMS 0x00000000c6900000, 0x00000000c6900000| Complete 
|  58|0x00000000c6a00000, 0x00000000c6b00000, 0x00000000c6b00000|100%| E|CS|TAMS 0x00000000c6a00000, 0x00000000c6a00000| Complete 
|  59|0x00000000c6b00000, 0x00000000c6c00000, 0x00000000c6c00000|100%| E|CS|TAMS 0x00000000c6b00000, 0x00000000c6b00000| Complete 
|  60|0x00000000c6c00000, 0x00000000c6d00000, 0x00000000c6d00000|100%| E|CS|TAMS 0x00000000c6c00000, 0x00000000c6c00000| Complete 
|  61|0x00000000c6d00000, 0x00000000c6e00000, 0x00000000c6e00000|100%| E|CS|TAMS 0x00000000c6d00000, 0x00000000c6d00000| Complete 

Card table byte_map: [0x0000021eaa260000,0x0000021eaa450000] _byte_map_base: 0x0000021ea9c48000

Marking Bits (Prev, Next): (CMBitMap*) 0x0000021e9fa14990, (CMBitMap*) 0x0000021e9fa149d0
 Prev Bits: [0x0000021eaa640000, 0x0000021eab580000)
 Next Bits: [0x0000021eab580000, 0x0000021eac4c0000)

Polling page: 0x0000021e9d910000

Metaspace:

Usage:
  Non-class:     15.87 MB used.
      Class:      2.45 MB used.
       Both:     18.31 MB used.

Virtual space:
  Non-class space:       24.00 MB reserved,      16.00 MB ( 67%) committed,  3 nodes.
      Class space:        1.00 GB reserved,       2.56 MB ( <1%) committed,  1 nodes.
             Both:        1.02 GB reserved,      18.56 MB (  2%) committed. 

Chunk freelists:
   Non-Class:  3.12 MB
       Class:  1.44 MB
        Both:  4.56 MB

MaxMetaspaceSize: unlimited
CompressedClassSpaceSize: 1.00 GB
Initial GC threshold: 21.00 MB
Current GC threshold: 21.00 MB
CDS: on
MetaspaceReclaimPolicy: balanced
 - commit_granule_bytes: 65536.
 - commit_granule_words: 8192.
 - virtual_space_node_default_size: 1048576.
 - enlarge_chunks_in_place: 1.
 - new_chunks_are_fully_committed: 0.
 - uncommit_free_chunks: 1.
 - use_allocation_guard: 0.
 - handle_deallocations: 1.


Internal statistics:

num_allocs_failed_limit: 0.
num_arena_births: 302.
num_arena_deaths: 0.
num_vsnodes_births: 4.
num_vsnodes_deaths: 0.
num_space_committed: 297.
num_space_uncommitted: 0.
num_chunks_returned_to_freelist: 0.
num_chunks_taken_from_freelist: 869.
num_chunk_merges: 0.
num_chunk_splits: 591.
num_chunks_enlarged: 442.
num_purges: 0.
num_inconsistent_stats: 0.

CodeCache: size=49152Kb used=5700Kb max_used=5700Kb free=43451Kb
 bounds [0x0000021ea7260000, 0x0000021ea7800000, 0x0000021eaa260000]
 total_blobs=3118 nmethods=2615 adapters=428
 compilation: enabled
              stopped_count=0, restarted_count=0
 full_count=0

Compilation events (20 events):
Event: 10.527 Thread 0x0000021eb006d6d0 nmethod 2605 0x0000021ea77ed310 code [0x0000021ea77ed4a0, 0x0000021ea77ed568]
Event: 10.527 Thread 0x0000021e9faa9740 2606       1       org.springframework.core.annotation.TypeMappedAnnotations::<init> (42 bytes)
Event: 10.527 Thread 0x0000021eb006d6d0 2607       1       org.springframework.util.StringUtils::containsText (37 bytes)
Event: 10.527 Thread 0x0000021e9faa9740 nmethod 2606 0x0000021ea77ed610 code [0x0000021ea77ed7c0, 0x0000021ea77edad8]
Event: 10.528 Thread 0x0000021eb006d6d0 nmethod 2607 0x0000021ea77edb90 code [0x0000021ea77edd60, 0x0000021ea77edf18]
Event: 10.528 Thread 0x0000021e9faa9740 2608       1       java.util.stream.Collectors$$Lambda$224/0x0000000800cbf210::accept (11 bytes)
Event: 10.528 Thread 0x0000021e9faa9740 nmethod 2608 0x0000021ea77ee010 code [0x0000021ea77ee1a0, 0x0000021ea77ee2e8]
Event: 10.529 Thread 0x0000021e9faa9740 2609       1       java.util.Spliterator::forEachRemaining (11 bytes)
Event: 10.529 Thread 0x0000021e9faa9740 nmethod 2609 0x0000021ea77ee390 code [0x0000021ea77ee520, 0x0000021ea77ee648]
Event: 10.529 Thread 0x0000021e9faa9740 2610       1       org.springframework.util.ObjectUtils::isEmpty (15 bytes)
Event: 10.529 Thread 0x0000021e9faa9740 nmethod 2610 0x0000021ea77ee710 code [0x0000021ea77ee8a0, 0x0000021ea77ee978]
Event: 10.544 Thread 0x0000021e9faa9740 2611       1       org.springframework.core.annotation.MergedAnnotationsCollection::spliterator (10 bytes)
Event: 10.544 Thread 0x0000021eb006d6d0 2612       1       org.springframework.core.annotation.MergedAnnotationsCollection$AnnotationsSpliterator::<init> (26 bytes)
Event: 10.544 Thread 0x0000021e9faa9740 nmethod 2611 0x0000021ea77eea10 code [0x0000021ea77eebc0, 0x0000021ea77eeeb8]
Event: 10.544 Thread 0x0000021eb006d6d0 nmethod 2612 0x0000021ea77eef90 code [0x0000021ea77ef120, 0x0000021ea77ef3b8]
Event: 10.545 Thread 0x0000021e9faa9740 2613       1       org.springframework.asm.ClassReader::accept (1401 bytes)
Event: 10.546 Thread 0x0000021eb006d6d0 2614       1       java.lang.invoke.BoundMethodHandle$Species_L::make (11 bytes)
Event: 10.546 Thread 0x0000021eb006d6d0 nmethod 2614 0x0000021ea77ef490 code [0x0000021ea77ef620, 0x0000021ea77ef7a8]
Event: 10.553 Thread 0x0000021eb006d6d0 2615       1       org.springframework.core.annotation.MergedAnnotationsCollection::<init> (115 bytes)
Event: 10.554 Thread 0x0000021eb006d6d0 nmethod 2615 0x0000021ea77ef890 code [0x0000021ea77efae0, 0x0000021ea77f0378]

GC Heap History (8 events):
Event: 1.632 GC heap before
{Heap before GC invocations=0 (full 0):
 garbage-first heap   total 63488K, used 13312K [0x00000000c3000000, 0x0000000100000000)
  region size 1024K, 13 young (13312K), 0 survivors (0K)
 Metaspace       used 5520K, committed 5760K, reserved 1056768K
  class space    used 654K, committed 768K, reserved 1048576K
}
Event: 1.644 GC heap after
{Heap after GC invocations=1 (full 0):
 garbage-first heap   total 63488K, used 6752K [0x00000000c3000000, 0x0000000100000000)
  region size 1024K, 2 young (2048K), 2 survivors (2048K)
 Metaspace       used 5520K, committed 5760K, reserved 1056768K
  class space    used 654K, committed 768K, reserved 1048576K
}
Event: 4.168 GC heap before
{Heap before GC invocations=1 (full 0):
 garbage-first heap   total 63488K, used 14944K [0x00000000c3000000, 0x0000000100000000)
  region size 1024K, 10 young (10240K), 2 survivors (2048K)
 Metaspace       used 7653K, committed 7936K, reserved 1056768K
  class space    used 975K, committed 1088K, reserved 1048576K
}
Event: 4.176 GC heap after
{Heap after GC invocations=2 (full 0):
 garbage-first heap   total 63488K, used 7547K [0x00000000c3000000, 0x0000000100000000)
  region size 1024K, 1 young (1024K), 1 survivors (1024K)
 Metaspace       used 7653K, committed 7936K, reserved 1056768K
  class space    used 975K, committed 1088K, reserved 1048576K
}
Event: 5.198 GC heap before
{Heap before GC invocations=2 (full 0):
 garbage-first heap   total 63488K, used 25979K [0x00000000c3000000, 0x0000000100000000)
  region size 1024K, 20 young (20480K), 1 survivors (1024K)
 Metaspace       used 12184K, committed 12480K, reserved 1064960K
  class space    used 1650K, committed 1792K, reserved 1048576K
}
Event: 5.204 GC heap after
{Heap after GC invocations=3 (full 0):
 garbage-first heap   total 63488K, used 9050K [0x00000000c3000000, 0x0000000100000000)
  region size 1024K, 3 young (3072K), 3 survivors (3072K)
 Metaspace       used 12184K, committed 12480K, reserved 1064960K
  class space    used 1650K, committed 1792K, reserved 1048576K
}
Event: 7.024 GC heap before
{Heap before GC invocations=3 (full 0):
 garbage-first heap   total 63488K, used 37722K [0x00000000c3000000, 0x0000000100000000)
  region size 1024K, 32 young (32768K), 3 survivors (3072K)
 Metaspace       used 18190K, committed 18496K, reserved 1073152K
  class space    used 2416K, committed 2560K, reserved 1048576K
}
Event: 7.035 GC heap after
{Heap after GC invocations=4 (full 0):
 garbage-first heap   total 63488K, used 11436K [0x00000000c3000000, 0x0000000100000000)
  region size 1024K, 4 young (4096K), 4 survivors (4096K)
 Metaspace       used 18190K, committed 18496K, reserved 1073152K
  class space    used 2416K, committed 2560K, reserved 1048576K
}

Deoptimization events (2 events):
Event: 5.372 Thread 0x0000021e9f9d9bb0 DEOPT PACKING pc=0x0000021ea76b9499 sp=0x000000bc4cefd550
Event: 5.372 Thread 0x0000021e9f9d9bb0 DEOPT UNPACKING pc=0x0000021ea72b2b43 sp=0x000000bc4cefca30 mode 3

Classes unloaded (0 events):
No events

Classes redefined (0 events):
No events

Internal exceptions (20 events):
Event: 4.984 Thread 0x0000021e9f9d9bb0 Exception <a 'java/lang/NoSuchMethodError'{0x00000000c5f4d568}: 'void java.lang.invoke.DirectMethodHandle$Holder.invokeSpecial(java.lang.Object, java.lang.Object, java.lang.Object)'> (0x00000000c5f4d568) 
thrown [s\open\src\hotspot\share\interpreter\linkResolver.cpp, line 759]
Event: 4.985 Thread 0x0000021e9f9d9bb0 Exception <a 'java/lang/NoSuchMethodError'{0x00000000c5f53b40}: 'void java.lang.invoke.DirectMethodHandle$Holder.invokeSpecial(java.lang.Object, java.lang.Object, java.lang.Object, java.lang.Object, java.lang.Object)'> (0x00000000c5f53b40) 
thrown [s\open\src\hotspot\share\interpreter\linkResolver.cpp, line 759]
Event: 5.005 Thread 0x0000021eb0134090 Exception <a 'java/lang/NoClassDefFoundError'{0x00000000c5fc4b70}: jakarta/validation/Validation> (0x00000000c5fc4b70) 
thrown [s\open\src\hotspot\share\classfile\systemDictionary.cpp, line 245]
Event: 5.007 Thread 0x0000021e9f9d9bb0 Exception <a 'java/lang/IncompatibleClassChangeError'{0x00000000c5f83060}: Found class java.lang.Object, but interface was expected> (0x00000000c5f83060) 
thrown [s\open\src\hotspot\share\interpreter\linkResolver.cpp, line 826]
Event: 5.032 Thread 0x0000021eaf5823d0 Exception <a 'java/lang/reflect/InvocationTargetException'{0x00000000c5ff6f98}> (0x00000000c5ff6f98) 
thrown [s\open\src\hotspot\share\runtime\reflection.cpp, line 1121]
Event: 5.539 Thread 0x0000021eaf5823d0 Exception <a 'java/lang/reflect/InvocationTargetException'{0x00000000c68b9348}> (0x00000000c68b9348) 
thrown [s\open\src\hotspot\share\runtime\reflection.cpp, line 1121]
Event: 6.053 Thread 0x0000021eaf5823d0 Exception <a 'java/lang/reflect/InvocationTargetException'{0x00000000c6703930}> (0x00000000c6703930) 
thrown [s\open\src\hotspot\share\runtime\reflection.cpp, line 1121]
Event: 6.461 Thread 0x0000021e9f9d9bb0 Exception <a 'java/lang/NoSuchMethodError'{0x00000000c60b3d60}: 'int java.lang.invoke.DirectMethodHandle$Holder.invokeSpecial(java.lang.Object, java.lang.Object, java.lang.Object, java.lang.Object, java.lang.Object)'> (0x00000000c60b3d60) 
thrown [s\open\src\hotspot\share\interpreter\linkResolver.cpp, line 759]
Event: 6.473 Thread 0x0000021e9f9d9bb0 Exception <a 'java/lang/NoSuchMethodError'{0x00000000c60bc948}: 'void java.lang.invoke.DirectMethodHandle$Holder.invokeVirtual(java.lang.Object, java.lang.Object)'> (0x00000000c60bc948) 
thrown [s\open\src\hotspot\share\interpreter\linkResolver.cpp, line 759]
Event: 6.566 Thread 0x0000021eaf5823d0 Exception <a 'java/lang/reflect/InvocationTargetException'{0x00000000c5db7a78}> (0x00000000c5db7a78) 
thrown [s\open\src\hotspot\share\runtime\reflection.cpp, line 1121]
Event: 6.802 Thread 0x0000021eb0134090 Exception <a 'java/lang/NoSuchMethodError'{0x00000000c54bfea8}: 'long java.lang.invoke.DirectMethodHandle$Holder.invokeSpecial(java.lang.Object, java.lang.Object)'> (0x00000000c54bfea8) 
thrown [s\open\src\hotspot\share\interpreter\linkResolver.cpp, line 759]
Event: 6.806 Thread 0x0000021eb0134090 Exception <a 'java/lang/NoSuchMethodError'{0x00000000c54cb0d0}: 'long java.lang.invoke.DirectMethodHandle$Holder.invokeStatic(java.lang.Object, java.lang.Object)'> (0x00000000c54cb0d0) 
thrown [s\open\src\hotspot\share\interpreter\linkResolver.cpp, line 759]
Event: 6.807 Thread 0x0000021eb0134090 Exception <a 'java/lang/NoSuchMethodError'{0x00000000c54ce6d0}: 'long java.lang.invoke.DirectMethodHandle$Holder.invokeStaticInit(java.lang.Object, java.lang.Object)'> (0x00000000c54ce6d0) 
thrown [s\open\src\hotspot\share\interpreter\linkResolver.cpp, line 759]
Event: 6.810 Thread 0x0000021eb0134090 Exception <a 'java/lang/NoSuchMethodError'{0x00000000c54dc2a0}: 'long java.lang.invoke.DirectMethodHandle$Holder.invokeInterface(java.lang.Object, java.lang.Object)'> (0x00000000c54dc2a0) 
thrown [s\open\src\hotspot\share\interpreter\linkResolver.cpp, line 759]
Event: 6.811 Thread 0x0000021eb0134090 Exception <a 'java/lang/IncompatibleClassChangeError'{0x00000000c54df830}: Found class java.lang.Object, but interface was expected> (0x00000000c54df830) 
thrown [s\open\src\hotspot\share\interpreter\linkResolver.cpp, line 826]
Event: 6.830 Thread 0x0000021eb0134090 Exception <a 'java/lang/NoSuchMethodError'{0x00000000c53d7858}: 'java.lang.Object java.lang.invoke.DirectMethodHandle$Holder.invokeVirtual(java.lang.Object, java.lang.Object, java.lang.Object, java.lang.Object)'> (0x00000000c53d7858) 
thrown [s\open\src\hotspot\share\interpreter\linkResolver.cpp, line 759]
Event: 6.952 Thread 0x0000021e9f9d9bb0 Exception <a 'java/lang/IncompatibleClassChangeError'{0x00000000c4fb6d00}: Found class java.lang.Object, but interface was expected> (0x00000000c4fb6d00) 
thrown [s\open\src\hotspot\share\interpreter\linkResolver.cpp, line 826]
Event: 7.075 Thread 0x0000021eaf5823d0 Exception <a 'java/lang/reflect/InvocationTargetException'{0x00000000c6ddbc28}> (0x00000000c6ddbc28) 
thrown [s\open\src\hotspot\share\runtime\reflection.cpp, line 1121]
Event: 9.922 Thread 0x0000021eaf5823d0 Exception <a 'java/lang/reflect/InvocationTargetException'{0x00000000c6de8300}> (0x00000000c6de8300) 
thrown [s\open\src\hotspot\share\runtime\reflection.cpp, line 1121]
Event: 10.434 Thread 0x0000021eafdbb590 Exception <a 'java/lang/reflect/InvocationTargetException'{0x00000000c69a8d40}> (0x00000000c69a8d40) 
thrown [s\open\src\hotspot\share\runtime\reflection.cpp, line 1121]

VM Operations (20 events):
Event: 5.029 Executing VM operation: ICBufferFull
Event: 5.030 Executing VM operation: ICBufferFull done
Event: 5.198 Executing VM operation: G1CollectForAllocation
Event: 5.205 Executing VM operation: G1CollectForAllocation done
Event: 6.214 Executing VM operation: Cleanup
Event: 6.214 Executing VM operation: Cleanup done
Event: 6.234 Executing VM operation: HandshakeAllThreads
Event: 6.234 Executing VM operation: HandshakeAllThreads done
Event: 6.355 Executing VM operation: HandshakeAllThreads
Event: 6.355 Executing VM operation: HandshakeAllThreads done
Event: 6.407 Executing VM operation: HandshakeAllThreads
Event: 6.407 Executing VM operation: HandshakeAllThreads done
Event: 7.024 Executing VM operation: G1CollectForAllocation
Event: 7.035 Executing VM operation: G1CollectForAllocation done
Event: 8.039 Executing VM operation: Cleanup
Event: 8.039 Executing VM operation: Cleanup done
Event: 9.053 Executing VM operation: Cleanup
Event: 9.053 Executing VM operation: Cleanup done
Event: 10.069 Executing VM operation: Cleanup
Event: 10.089 Executing VM operation: Cleanup done

Events (20 events):
Event: 6.560 Thread 0x0000021eb1083030 Thread added: 0x0000021eb1083030
Event: 6.571 Thread 0x0000021eb1083030 Thread exited: 0x0000021eb1083030
Event: 6.783 loading class java/util/regex/Pattern$Pos
Event: 6.783 loading class java/util/regex/Pattern$Pos done
Event: 6.832 Thread 0x0000021eb0134090 Thread exited: 0x0000021eb0134090
Event: 6.839 Thread 0x0000021eafe88380 Thread added: 0x0000021eafe88380
Event: 6.866 loading class javax/naming/ldap/LdapContext
Event: 6.866 loading class javax/naming/directory/DirContext
Event: 6.867 loading class javax/naming/directory/DirContext done
Event: 6.867 loading class javax/naming/ldap/LdapContext done
Event: 6.892 Thread 0x0000021eafe88380 Thread exited: 0x0000021eafe88380
Event: 7.071 Thread 0x0000021eafdbb590 Thread added: 0x0000021eafdbb590
Event: 7.079 Thread 0x0000021eafdbb590 Thread exited: 0x0000021eafdbb590
Event: 9.913 Thread 0x0000021eafdbb590 Thread added: 0x0000021eafdbb590
Event: 9.925 Thread 0x0000021eafdbb590 Thread exited: 0x0000021eafdbb590
Event: 10.139 Thread 0x0000021eafdbb590 Thread added: 0x0000021eafdbb590
Event: 10.353 loading class java/beans/PropertyVetoException
Event: 10.353 loading class java/beans/PropertyVetoException done
Event: 10.429 Thread 0x0000021eafed9c90 Thread added: 0x0000021eafed9c90
Event: 10.440 Thread 0x0000021eafed9c90 Thread exited: 0x0000021eafed9c90


Dynamic libraries:
0x00007ff622820000 - 0x00007ff622830000 	C:\Program Files\Java\jdk-17\bin\java.exe
0x00007ffd3adb0000 - 0x00007ffd3afa8000 	C:\Windows\SYSTEM32\ntdll.dll
0x00007ffd39830000 - 0x00007ffd398ef000 	C:\Windows\System32\KERNEL32.DLL
0x00007ffd38750000 - 0x00007ffd38a46000 	C:\Windows\System32\KERNELBASE.dll
0x00007ffd384c0000 - 0x00007ffd385c0000 	C:\Windows\System32\ucrtbase.dll
0x00007ffd319e0000 - 0x00007ffd319fb000 	C:\Program Files\Java\jdk-17\bin\VCRUNTIME140.dll
0x00007ffd31c80000 - 0x00007ffd31c99000 	C:\Program Files\Java\jdk-17\bin\jli.dll
0x00007ffd3a850000 - 0x00007ffd3a8ff000 	C:\Windows\System32\ADVAPI32.dll
0x00007ffd39c40000 - 0x00007ffd39cde000 	C:\Windows\System32\msvcrt.dll
0x00007ffd39910000 - 0x00007ffd399ac000 	C:\Windows\System32\sechost.dll
0x00007ffd39700000 - 0x00007ffd39826000 	C:\Windows\System32\RPCRT4.dll
0x00007ffd38ee0000 - 0x00007ffd3907d000 	C:\Windows\System32\USER32.dll
0x00007ffd26360000 - 0x00007ffd265fa000 	C:\Windows\WinSxS\amd64_microsoft.windows.common-controls_6595b64144ccf1df_6.0.19041.1110_none_60b5254171f9507e\COMCTL32.dll
0x00007ffd38490000 - 0x00007ffd384b2000 	C:\Windows\System32\win32u.dll
0x00007ffd3a820000 - 0x00007ffd3a84c000 	C:\Windows\System32\GDI32.dll
0x00007ffd38af0000 - 0x00007ffd38c05000 	C:\Windows\System32\gdi32full.dll
0x00007ffd38d70000 - 0x00007ffd38e0d000 	C:\Windows\System32\msvcp_win.dll
0x00007ffd2bea0000 - 0x00007ffd2beaa000 	C:\Windows\SYSTEM32\VERSION.dll
0x00007ffd39c00000 - 0x00007ffd39c30000 	C:\Windows\System32\IMM32.DLL
0x00007ffd33f20000 - 0x00007ffd33f2c000 	C:\Program Files\Java\jdk-17\bin\vcruntime140_1.dll
0x00007ffd2e720000 - 0x00007ffd2e7ae000 	C:\Program Files\Java\jdk-17\bin\msvcp140.dll
0x00007ffcfd270000 - 0x00007ffcfde4d000 	C:\Program Files\Java\jdk-17\bin\server\jvm.dll
0x00007ffd39130000 - 0x00007ffd39138000 	C:\Windows\System32\PSAPI.DLL
0x00007ffd32a30000 - 0x00007ffd32a39000 	C:\Windows\SYSTEM32\WSOCK32.dll
0x00007ffd25140000 - 0x00007ffd25167000 	C:\Windows\SYSTEM32\WINMM.dll
0x00007ffd39b90000 - 0x00007ffd39bfb000 	C:\Windows\System32\WS2_32.dll
0x00007ffd36340000 - 0x00007ffd36352000 	C:\Windows\SYSTEM32\kernel.appcore.dll
0x00007ffd31550000 - 0x00007ffd3155a000 	C:\Program Files\Java\jdk-17\bin\jimage.dll
0x00007ffd24d30000 - 0x00007ffd24f14000 	C:\Windows\SYSTEM32\DBGHELP.DLL
0x00007ffd245b0000 - 0x00007ffd245e4000 	C:\Windows\SYSTEM32\dbgcore.DLL
0x00007ffd386c0000 - 0x00007ffd38742000 	C:\Windows\System32\bcryptPrimitives.dll
0x00007ffd313a0000 - 0x00007ffd313ae000 	C:\Program Files\Java\jdk-17\bin\instrument.dll
0x00007ffd313b0000 - 0x00007ffd313d5000 	C:\Program Files\Java\jdk-17\bin\java.dll
0x00007ffd0ee60000 - 0x00007ffd0ef37000 	C:\Program Files\Java\jdk-17\bin\jsvml.dll
0x00007ffd39d70000 - 0x00007ffd3a4b4000 	C:\Windows\System32\SHELL32.dll
0x00007ffd36540000 - 0x00007ffd36cd3000 	C:\Windows\SYSTEM32\windows.storage.dll
0x00007ffd3a4c0000 - 0x00007ffd3a814000 	C:\Windows\System32\combase.dll
0x00007ffd37ee0000 - 0x00007ffd37f0e000 	C:\Windows\SYSTEM32\Wldp.dll
0x00007ffd39080000 - 0x00007ffd3912d000 	C:\Windows\System32\SHCORE.dll
0x00007ffd39430000 - 0x00007ffd39485000 	C:\Windows\System32\shlwapi.dll
0x00007ffd383d0000 - 0x00007ffd383ef000 	C:\Windows\SYSTEM32\profapi.dll
0x00007ffd2f0a0000 - 0x00007ffd2f0b8000 	C:\Program Files\Java\jdk-17\bin\zip.dll
0x00007ffd2f460000 - 0x00007ffd2f479000 	C:\Program Files\Java\jdk-17\bin\net.dll
0x00007ffd30960000 - 0x00007ffd30a6a000 	C:\Windows\SYSTEM32\WINHTTP.dll
0x00007ffd37c40000 - 0x00007ffd37caa000 	C:\Windows\system32\mswsock.dll
0x00007ffd2f440000 - 0x00007ffd2f456000 	C:\Program Files\Java\jdk-17\bin\nio.dll
0x00007ffd2e6f0000 - 0x00007ffd2e70a000 	C:\Program Files\JetBrains\IntelliJ IDEA 2023.1.2\bin\breakgen64.dll
0x00007ffd37930000 - 0x00007ffd379fa000 	C:\Windows\SYSTEM32\DNSAPI.dll
0x00007ffd378e0000 - 0x00007ffd3791c000 	C:\Windows\SYSTEM32\IPHLPAPI.DLL
0x00007ffd399b0000 - 0x00007ffd399b8000 	C:\Windows\System32\NSI.dll
0x00007ffd30d90000 - 0x00007ffd30d9a000 	C:\Windows\System32\rasadhlp.dll
0x00007ffd2bf20000 - 0x00007ffd2bfa2000 	C:\Windows\System32\fwpuclnt.dll
0x00007ffd38a50000 - 0x00007ffd38a77000 	C:\Windows\System32\bcrypt.dll
0x00007ffd2f000000 - 0x00007ffd2f00a000 	C:\Program Files\Java\jdk-17\bin\management.dll
0x00007ffd2e710000 - 0x00007ffd2e71b000 	C:\Program Files\Java\jdk-17\bin\management_ext.dll
0x00007ffd37e40000 - 0x00007ffd37e58000 	C:\Windows\SYSTEM32\CRYPTSP.dll
0x00007ffd374f0000 - 0x00007ffd37524000 	C:\Windows\system32\rsaenh.dll
0x00007ffd38390000 - 0x00007ffd383be000 	C:\Windows\SYSTEM32\USERENV.dll
0x00007ffd37e30000 - 0x00007ffd37e3c000 	C:\Windows\SYSTEM32\CRYPTBASE.dll
0x00007ffd30d50000 - 0x00007ffd30d67000 	C:\Windows\SYSTEM32\dhcpcsvc6.DLL
0x00007ffd30dc0000 - 0x00007ffd30ddd000 	C:\Windows\SYSTEM32\dhcpcsvc.DLL
0x00007ffd1e0b0000 - 0x00007ffd1e0c7000 	C:\Windows\system32\napinsp.dll
0x00007ffd1e090000 - 0x00007ffd1e0ab000 	C:\Windows\system32\pnrpnsp.dll
0x00007ffd32b80000 - 0x00007ffd32b95000 	C:\Windows\system32\wshbth.dll
0x00007ffd33e20000 - 0x00007ffd33e3d000 	C:\Windows\system32\NLAapi.dll
0x00007ffd1dfb0000 - 0x00007ffd1dfc2000 	C:\Windows\System32\winrnr.dll

dbghelp: loaded successfully - version: 4.0.5 - missing functions: none
symbol engine: initialized successfully - sym options: 0x614 - pdb path: .;C:\Program Files\Java\jdk-17\bin;C:\Windows\SYSTEM32;C:\Windows\WinSxS\amd64_microsoft.windows.common-controls_6595b64144ccf1df_6.0.19041.1110_none_60b5254171f9507e;C:\Program Files\Java\jdk-17\bin\server;C:\Program Files\JetBrains\IntelliJ IDEA 2023.1.2\bin

VM Arguments:
jvm_args: -XX:TieredStopAtLevel=1 -Dspring.output.ansi.enabled=always -Dcom.sun.management.jmxremote -Dspring.jmx.enabled=true -Dspring.liveBeansView.mbeanDomain -Dspring.application.admin.enabled=true -Dmanagement.endpoints.jmx.exposure.include=* -javaagent:C:\Program Files\JetBrains\IntelliJ IDEA 2023.1.2\lib\idea_rt.jar=65517:C:\Program Files\JetBrains\IntelliJ IDEA 2023.1.2\bin -Dfile.encoding=UTF-8 
java_command: com.example.demo.DemoApplication
java_class_path (initial): C:\Users\HP PRO\Downloads\demo\target\classes;C:\Users\HP PRO\.m2\repository\org\springframework\boot\spring-boot-starter-data-jpa\3.1.0\spring-boot-starter-data-jpa-3.1.0.jar;C:\Users\HP PRO\.m2\repository\org\springframework\boot\spring-boot-starter-aop\3.1.0\spring-boot-starter-aop-3.1.0.jar;C:\Users\HP PRO\.m2\repository\org\springframework\spring-aop\6.0.9\spring-aop-6.0.9.jar;C:\Users\HP PRO\.m2\repository\org\aspectj\aspectjweaver\1.9.19\aspectjweaver-1.9.19.jar;C:\Users\HP PRO\.m2\repository\org\springframework\boot\spring-boot-starter-jdbc\3.1.0\spring-boot-starter-jdbc-3.1.0.jar;C:\Users\HP PRO\.m2\repository\com\zaxxer\HikariCP\5.0.1\HikariCP-5.0.1.jar;C:\Users\HP PRO\.m2\repository\org\springframework\spring-jdbc\6.0.9\spring-jdbc-6.0.9.jar;C:\Users\HP PRO\.m2\repository\org\hibernate\orm\hibernate-core\6.2.2.Final\hibernate-core-6.2.2.Final.jar;C:\Users\HP PRO\.m2\repository\jakarta\persistence\jakarta.persistence-api\3.1.0\jakarta.persistence-api-3.1.0.jar;C:\Users\HP PRO\.m2\repository\jakarta\transaction\jakarta.transaction-api\2.0.1\jakarta.transaction-api-2.0.1.jar;C:\Users\HP PRO\.m2\repository\org\jboss\logging\jboss-logging\3.5.0.Final\jboss-logging-3.5.0.Final.jar;C:\Users\HP PRO\.m2\repository\org\hibernate\common\hibernate-commons-annotations\6.0.6.Final\hibernate-commons-annotations-6.0.6.Final.jar;C:\Users\HP PRO\.m2\repository\io\smallrye\jandex\3.0.5\jandex-3.0.5.jar;C:\Users\HP PRO\.m2\repository\com\fasterxml\classmate\1.5.1\classmate-1.5.1.jar;C:\Users\HP PRO\.m2\repository\net\bytebuddy\byte-buddy\1.14.4\byte-buddy-1.14.4.jar;C:\Users\HP PRO\.m2\repository\org\glassfish\jaxb\jaxb-runtime\4.0.2\jaxb-runtime-4.0.2.jar;C:\Users\HP PRO\.m2\repository\org\glassfish\jaxb\jaxb-core\4.0.2\jaxb-core-4.0.2.jar;C:\Users\HP PRO\.m2\repository\org\eclipse\angus\angus-activation\2.0.0\angus-activation-2.0.0.jar;C:\Users\HP PRO\.m2\repository\org\glassfish\jaxb\txw2\4.0.2\txw2-4.0.2.jar;C:\Users\HP PRO\.m2\repository\com
Launcher Type: SUN_STANDARD

[Global flags]
     intx CICompilerCount                          = 3                                         {product} {ergonomic}
     uint ConcGCThreads                            = 1                                         {product} {ergonomic}
     uint G1ConcRefinementThreads                  = 4                                         {product} {ergonomic}
   size_t G1HeapRegionSize                         = 1048576                                   {product} {ergonomic}
    uintx GCDrainStackTargetSize                   = 64                                        {product} {ergonomic}
   size_t InitialHeapSize                          = 65011712                                  {product} {ergonomic}
     bool ManagementServer                         = true                                      {product} {command line}
   size_t MarkStackSize                            = 4194304                                   {product} {ergonomic}
   size_t MaxHeapSize                              = 1023410176                                {product} {ergonomic}
   size_t MaxNewSize                               = 613416960                                 {product} {ergonomic}
   size_t MinHeapDeltaBytes                        = 1048576                                   {product} {ergonomic}
   size_t MinHeapSize                              = 8388608                                   {product} {ergonomic}
    uintx NonProfiledCodeHeapSize                  = 0                                      {pd product} {ergonomic}
     bool ProfileInterpreter                       = false                                  {pd product} {command line}
    uintx ProfiledCodeHeapSize                     = 0                                      {pd product} {ergonomic}
   size_t SoftMaxHeapSize                          = 1023410176                             {manageable} {ergonomic}
     intx TieredStopAtLevel                        = 1                                         {product} {command line}
     bool UseCompressedClassPointers               = true                           {product lp64_product} {ergonomic}
     bool UseCompressedOops                        = true                           {product lp64_product} {ergonomic}
     bool UseG1GC                                  = true                                      {product} {ergonomic}
     bool UseLargePagesIndividualAllocation        = false                                  {pd product} {ergonomic}

Logging:
Log output configuration:
 #0: stdout all=warning uptime,level,tags
 #1: stderr all=off uptime,level,tags

Environment Variables:
JAVA_HOME=C:\Program Files\Java\jdk-17
PATH=C:\Program Files\Common Files\Oracle\Java\javapath;C:\Windows\system32;C:\Windows;C:\Windows\System32\Wbem;C:\Windows\System32\WindowsPowerShell\v1.0\;C:\Windows\System32\OpenSSH\;C:\Program Files\Docker\Docker\resources\bin;C:\ProgramData\chocolatey\bin;C:\Program Files\Git\cmd;C:\Program Files\nodejs\;C:\Program Files\Tesseract-OCR;C:\Program Files\Tesseract-OCR\tessdata;C:\MinGW\bin;C:\Users\HP PRO\AppData\Local\Microsoft\WindowsApps;C:\Users\HP PRO\AppData\Local\Programs\Microsoft VS Code\bin;";C:\Program Files\nodejs\";C:\Users\HP PRO\AppData\Roaming\npm;C:\Program Files\Tesseract-OCR;C:\Program Files\Tesseract-OCR\tessdata;;C:\Program Files\JetBrains\IntelliJ IDEA 2023.1.2\bin;
USERNAME=HP_PRO
OS=Windows_NT
PROCESSOR_IDENTIFIER=Intel64 Family 6 Model 60 Stepping 3, GenuineIntel



---------------  S Y S T E M  ---------------

OS:
 Windows 10 , 64 bit Build 19041 (10.0.19041.3031)
OS uptime: 1 days 21:26 hours

CPU: total 4 (initial active 4) (2 cores per cpu, 2 threads per core) family 6 model 60 stepping 3 microcode 0x27, cx8, cmov, fxsr, ht, mmx, sse, sse2, sse3, ssse3, sse4.1, sse4.2, popcnt, lzcnt, tsc, tscinvbit, avx, avx2, aes, erms, clmul, bmi1, bmi2, fma, vzeroupper, clflush

Memory: 4k page, system-wide physical 3897M (186M free)
TotalPageFile size 15673M (AvailPageFile size 0M)
current process WorkingSet (physical memory assigned to process): 109M, peak: 109M
current process commit charge ("private bytes"): 162M, peak: 162M

vm_info: Java HotSpot(TM) 64-Bit Server VM (17.0.7+8-LTS-224) for windows-amd64 JRE (17.0.7+8-LTS-224), built on Feb 28 2023 23:03:02 by "mach5one" with MS VC++ 17.1 (VS2022)

END.
